mode: set
github.com/athlonxpgzw/cluster-api-provider-docker/pkg/provisioning/ignition/kindadapter.go:36.83,38.74 1 1
github.com/athlonxpgzw/cluster-api-provider-docker/pkg/provisioning/ignition/kindadapter.go:43.2,44.16 2 1
github.com/athlonxpgzw/cluster-api-provider-docker/pkg/provisioning/ignition/kindadapter.go:48.2,48.21 1 1
github.com/athlonxpgzw/cluster-api-provider-docker/pkg/provisioning/ignition/kindadapter.go:38.74,40.3 1 0
github.com/athlonxpgzw/cluster-api-provider-docker/pkg/provisioning/ignition/kindadapter.go:44.16,46.3 1 0
github.com/athlonxpgzw/cluster-api-provider-docker/pkg/provisioning/ignition/kindadapter.go:53.62,57.60 3 1
github.com/athlonxpgzw/cluster-api-provider-docker/pkg/provisioning/ignition/kindadapter.go:62.2,62.43 1 1
github.com/athlonxpgzw/cluster-api-provider-docker/pkg/provisioning/ignition/kindadapter.go:89.2,89.43 1 1
github.com/athlonxpgzw/cluster-api-provider-docker/pkg/provisioning/ignition/kindadapter.go:103.2,103.22 1 1
github.com/athlonxpgzw/cluster-api-provider-docker/pkg/provisioning/ignition/kindadapter.go:57.60,59.3 1 0
github.com/athlonxpgzw/cluster-api-provider-docker/pkg/provisioning/ignition/kindadapter.go:62.43,65.17 3 1
github.com/athlonxpgzw/cluster-api-provider-docker/pkg/provisioning/ignition/kindadapter.go:69.3,70.21 2 1
github.com/athlonxpgzw/cluster-api-provider-docker/pkg/provisioning/ignition/kindadapter.go:75.3,75.34 1 1
github.com/athlonxpgzw/cluster-api-provider-docker/pkg/provisioning/ignition/kindadapter.go:79.3,86.8 1 1
github.com/athlonxpgzw/cluster-api-provider-docker/pkg/provisioning/ignition/kindadapter.go:65.17,67.4 1 0
github.com/athlonxpgzw/cluster-api-provider-docker/pkg/provisioning/ignition/kindadapter.go:70.21,73.4 1 1
github.com/athlonxpgzw/cluster-api-provider-docker/pkg/provisioning/ignition/kindadapter.go:75.34,77.4 1 0
github.com/athlonxpgzw/cluster-api-provider-docker/pkg/provisioning/ignition/kindadapter.go:89.43,98.51 4 1
github.com/athlonxpgzw/cluster-api-provider-docker/pkg/provisioning/ignition/kindadapter.go:98.51,100.4 1 1
github.com/athlonxpgzw/cluster-api-provider-docker/pkg/provisioning/ignition/kindadapter.go:107.47,110.31 2 0
github.com/athlonxpgzw/cluster-api-provider-docker/pkg/provisioning/ignition/kindadapter.go:118.2,118.34 1 0
github.com/athlonxpgzw/cluster-api-provider-docker/pkg/provisioning/ignition/kindadapter.go:110.31,111.90 1 0
github.com/athlonxpgzw/cluster-api-provider-docker/pkg/provisioning/ignition/kindadapter.go:115.3,115.55 1 0
github.com/athlonxpgzw/cluster-api-provider-docker/pkg/provisioning/ignition/kindadapter.go:111.90,112.12 1 0
github.com/athlonxpgzw/cluster-api-provider-docker/pkg/provisioning/ignition/kindadapter.go:123.51,125.16 2 1
github.com/athlonxpgzw/cluster-api-provider-docker/pkg/provisioning/ignition/kindadapter.go:129.2,129.24 1 1
github.com/athlonxpgzw/cluster-api-provider-docker/pkg/provisioning/ignition/kindadapter.go:133.2,134.16 2 1
github.com/athlonxpgzw/cluster-api-provider-docker/pkg/provisioning/ignition/kindadapter.go:138.2,138.35 1 1
github.com/athlonxpgzw/cluster-api-provider-docker/pkg/provisioning/ignition/kindadapter.go:125.16,127.3 1 0
github.com/athlonxpgzw/cluster-api-provider-docker/pkg/provisioning/ignition/kindadapter.go:129.24,131.3 1 0
github.com/athlonxpgzw/cluster-api-provider-docker/pkg/provisioning/ignition/kindadapter.go:134.16,136.3 1 0
github.com/athlonxpgzw/cluster-api-provider-docker/pkg/provisioning/cloudinit/unknown.go:32.39,34.2 1 0
github.com/athlonxpgzw/cluster-api-provider-docker/pkg/provisioning/cloudinit/unknown.go:37.48,40.50 2 1
github.com/athlonxpgzw/cluster-api-provider-docker/pkg/provisioning/cloudinit/unknown.go:50.2,51.50 2 0
github.com/athlonxpgzw/cluster-api-provider-docker/pkg/provisioning/cloudinit/unknown.go:55.2,56.12 2 0
github.com/athlonxpgzw/cluster-api-provider-docker/pkg/provisioning/cloudinit/unknown.go:40.50,41.51 1 0
github.com/athlonxpgzw/cluster-api-provider-docker/pkg/provisioning/cloudinit/unknown.go:41.51,43.4 1 0
github.com/athlonxpgzw/cluster-api-provider-docker/pkg/provisioning/cloudinit/unknown.go:44.8,47.3 2 1
github.com/athlonxpgzw/cluster-api-provider-docker/pkg/provisioning/cloudinit/unknown.go:51.50,53.3 1 0
github.com/athlonxpgzw/cluster-api-provider-docker/pkg/provisioning/cloudinit/unknown.go:59.58,61.2 1 1
github.com/athlonxpgzw/cluster-api-provider-docker/pkg/provisioning/cloudinit/writefiles.go:61.35,63.2 1 1
github.com/athlonxpgzw/cluster-api-provider-docker/pkg/provisioning/cloudinit/writefiles.go:65.61,66.52 1 1
github.com/athlonxpgzw/cluster-api-provider-docker/pkg/provisioning/cloudinit/writefiles.go:69.2,69.12 1 1
github.com/athlonxpgzw/cluster-api-provider-docker/pkg/provisioning/cloudinit/writefiles.go:66.52,68.3 1 0
github.com/athlonxpgzw/cluster-api-provider-docker/pkg/provisioning/cloudinit/writefiles.go:74.67,76.28 2 1
github.com/athlonxpgzw/cluster-api-provider-docker/pkg/provisioning/cloudinit/writefiles.go:112.2,112.22 1 1
github.com/athlonxpgzw/cluster-api-provider-docker/pkg/provisioning/cloudinit/writefiles.go:76.28,83.30 6 1
github.com/athlonxpgzw/cluster-api-provider-docker/pkg/provisioning/cloudinit/writefiles.go:86.3,86.17 1 1
github.com/athlonxpgzw/cluster-api-provider-docker/pkg/provisioning/cloudinit/writefiles.go:91.3,95.15 4 1
github.com/athlonxpgzw/cluster-api-provider-docker/pkg/provisioning/cloudinit/writefiles.go:100.3,103.28 2 1
github.com/athlonxpgzw/cluster-api-provider-docker/pkg/provisioning/cloudinit/writefiles.go:108.3,108.27 1 1
github.com/athlonxpgzw/cluster-api-provider-docker/pkg/provisioning/cloudinit/writefiles.go:83.30,85.4 1 1
github.com/athlonxpgzw/cluster-api-provider-docker/pkg/provisioning/cloudinit/writefiles.go:86.17,88.4 1 0
github.com/athlonxpgzw/cluster-api-provider-docker/pkg/provisioning/cloudinit/writefiles.go:95.15,97.4 1 1
github.com/athlonxpgzw/cluster-api-provider-docker/pkg/provisioning/cloudinit/writefiles.go:103.28,105.4 1 1
github.com/athlonxpgzw/cluster-api-provider-docker/pkg/provisioning/cloudinit/writefiles.go:108.27,110.4 1 1
github.com/athlonxpgzw/cluster-api-provider-docker/pkg/provisioning/cloudinit/writefiles.go:115.31,117.2 1 1
github.com/athlonxpgzw/cluster-api-provider-docker/pkg/provisioning/cloudinit/writefiles.go:119.32,121.13 2 1
github.com/athlonxpgzw/cluster-api-provider-docker/pkg/provisioning/cloudinit/writefiles.go:124.2,124.20 1 1
github.com/athlonxpgzw/cluster-api-provider-docker/pkg/provisioning/cloudinit/writefiles.go:121.13,123.3 1 1
github.com/athlonxpgzw/cluster-api-provider-docker/pkg/provisioning/cloudinit/writefiles.go:127.38,129.13 2 1
github.com/athlonxpgzw/cluster-api-provider-docker/pkg/provisioning/cloudinit/writefiles.go:132.2,132.15 1 1
github.com/athlonxpgzw/cluster-api-provider-docker/pkg/provisioning/cloudinit/writefiles.go:129.13,131.3 1 1
github.com/athlonxpgzw/cluster-api-provider-docker/pkg/provisioning/cloudinit/writefiles.go:135.37,139.11 3 1
github.com/athlonxpgzw/cluster-api-provider-docker/pkg/provisioning/cloudinit/writefiles.go:148.2,148.31 1 1
github.com/athlonxpgzw/cluster-api-provider-docker/pkg/provisioning/cloudinit/writefiles.go:140.20,141.40 1 1
github.com/athlonxpgzw/cluster-api-provider-docker/pkg/provisioning/cloudinit/writefiles.go:142.56,143.62 1 0
github.com/athlonxpgzw/cluster-api-provider-docker/pkg/provisioning/cloudinit/writefiles.go:144.23,145.40 1 1
github.com/athlonxpgzw/cluster-api-provider-docker/pkg/provisioning/cloudinit/writefiles.go:151.69,152.30 1 1
github.com/athlonxpgzw/cluster-api-provider-docker/pkg/provisioning/cloudinit/writefiles.go:172.2,172.21 1 0
github.com/athlonxpgzw/cluster-api-provider-docker/pkg/provisioning/cloudinit/writefiles.go:152.30,153.12 1 1
github.com/athlonxpgzw/cluster-api-provider-docker/pkg/provisioning/cloudinit/writefiles.go:154.29,156.18 2 1
github.com/athlonxpgzw/cluster-api-provider-docker/pkg/provisioning/cloudinit/writefiles.go:159.4,159.29 1 1
github.com/athlonxpgzw/cluster-api-provider-docker/pkg/provisioning/cloudinit/writefiles.go:160.29,162.18 2 1
github.com/athlonxpgzw/cluster-api-provider-docker/pkg/provisioning/cloudinit/writefiles.go:165.4,165.29 1 1
github.com/athlonxpgzw/cluster-api-provider-docker/pkg/provisioning/cloudinit/writefiles.go:166.21,167.23 1 1
github.com/athlonxpgzw/cluster-api-provider-docker/pkg/provisioning/cloudinit/writefiles.go:168.11,169.81 1 0
github.com/athlonxpgzw/cluster-api-provider-docker/pkg/provisioning/cloudinit/writefiles.go:156.18,158.5 1 0
github.com/athlonxpgzw/cluster-api-provider-docker/pkg/provisioning/cloudinit/writefiles.go:162.18,164.5 1 0
github.com/athlonxpgzw/cluster-api-provider-docker/pkg/provisioning/cloudinit/writefiles.go:175.46,180.16 5 1
github.com/athlonxpgzw/cluster-api-provider-docker/pkg/provisioning/cloudinit/writefiles.go:184.2,186.16 3 1
github.com/athlonxpgzw/cluster-api-provider-docker/pkg/provisioning/cloudinit/writefiles.go:190.2,190.26 1 1
github.com/athlonxpgzw/cluster-api-provider-docker/pkg/provisioning/cloudinit/writefiles.go:180.16,182.3 1 0
github.com/athlonxpgzw/cluster-api-provider-docker/pkg/provisioning/cloudinit/writefiles.go:186.16,188.3 1 0
github.com/athlonxpgzw/cluster-api-provider-docker/pkg/provisioning/cloudinit/kindadapter.go:39.52,40.14 1 1
github.com/athlonxpgzw/cluster-api-provider-docker/pkg/provisioning/cloudinit/kindadapter.go:41.18,42.31 1 1
github.com/athlonxpgzw/cluster-api-provider-docker/pkg/provisioning/cloudinit/kindadapter.go:43.14,44.27 1 0
github.com/athlonxpgzw/cluster-api-provider-docker/pkg/provisioning/cloudinit/kindadapter.go:45.10,47.26 1 0
github.com/athlonxpgzw/cluster-api-provider-docker/pkg/provisioning/cloudinit/kindadapter.go:57.84,59.74 1 1
github.com/athlonxpgzw/cluster-api-provider-docker/pkg/provisioning/cloudinit/kindadapter.go:64.2,65.16 2 1
github.com/athlonxpgzw/cluster-api-provider-docker/pkg/provisioning/cloudinit/kindadapter.go:69.2,70.33 2 1
github.com/athlonxpgzw/cluster-api-provider-docker/pkg/provisioning/cloudinit/kindadapter.go:78.2,78.22 1 1
github.com/athlonxpgzw/cluster-api-provider-docker/pkg/provisioning/cloudinit/kindadapter.go:59.74,61.3 1 0
github.com/athlonxpgzw/cluster-api-provider-docker/pkg/provisioning/cloudinit/kindadapter.go:65.16,67.3 1 0
github.com/athlonxpgzw/cluster-api-provider-docker/pkg/provisioning/cloudinit/kindadapter.go:70.33,72.17 2 1
github.com/athlonxpgzw/cluster-api-provider-docker/pkg/provisioning/cloudinit/kindadapter.go:75.3,75.39 1 1
github.com/athlonxpgzw/cluster-api-provider-docker/pkg/provisioning/cloudinit/kindadapter.go:72.17,74.4 1 0
github.com/athlonxpgzw/cluster-api-provider-docker/pkg/provisioning/cloudinit/kindadapter.go:83.52,93.21 7 1
github.com/athlonxpgzw/cluster-api-provider-docker/pkg/provisioning/cloudinit/kindadapter.go:116.2,116.16 1 1
github.com/athlonxpgzw/cluster-api-provider-docker/pkg/provisioning/cloudinit/kindadapter.go:124.2,124.31 1 1
github.com/athlonxpgzw/cluster-api-provider-docker/pkg/provisioning/cloudinit/kindadapter.go:93.21,96.36 2 1
github.com/athlonxpgzw/cluster-api-provider-docker/pkg/provisioning/cloudinit/kindadapter.go:112.3,112.30 1 1
github.com/athlonxpgzw/cluster-api-provider-docker/pkg/provisioning/cloudinit/kindadapter.go:96.36,98.18 1 1
github.com/athlonxpgzw/cluster-api-provider-docker/pkg/provisioning/cloudinit/kindadapter.go:108.4,109.42 2 1
github.com/athlonxpgzw/cluster-api-provider-docker/pkg/provisioning/cloudinit/kindadapter.go:98.18,100.62 2 0
github.com/athlonxpgzw/cluster-api-provider-docker/pkg/provisioning/cloudinit/kindadapter.go:103.5,104.22 2 0
github.com/athlonxpgzw/cluster-api-provider-docker/pkg/provisioning/cloudinit/kindadapter.go:100.62,102.6 1 0
github.com/athlonxpgzw/cluster-api-provider-docker/pkg/provisioning/cloudinit/kindadapter.go:116.16,118.60 2 1
github.com/athlonxpgzw/cluster-api-provider-docker/pkg/provisioning/cloudinit/kindadapter.go:121.3,121.33 1 1
github.com/athlonxpgzw/cluster-api-provider-docker/pkg/provisioning/cloudinit/kindadapter.go:118.60,120.4 1 0
github.com/athlonxpgzw/cluster-api-provider-docker/pkg/provisioning/cloudinit/runcmd.go:33.31,35.2 1 0
github.com/athlonxpgzw/cluster-api-provider-docker/pkg/provisioning/cloudinit/runcmd.go:38.51,39.52 1 1
github.com/athlonxpgzw/cluster-api-provider-docker/pkg/provisioning/cloudinit/runcmd.go:42.2,42.12 1 1
github.com/athlonxpgzw/cluster-api-provider-docker/pkg/provisioning/cloudinit/runcmd.go:39.52,41.3 1 0
github.com/athlonxpgzw/cluster-api-provider-docker/pkg/provisioning/cloudinit/runcmd.go:46.57,48.27 2 1
github.com/athlonxpgzw/cluster-api-provider-docker/pkg/provisioning/cloudinit/runcmd.go:53.2,53.18 1 1
github.com/athlonxpgzw/cluster-api-provider-docker/pkg/provisioning/cloudinit/runcmd.go:48.27,52.3 2 1
github.com/athlonxpgzw/cluster-api-provider-docker/pkg/provisioning/cloudinit/runcmd.go:56.67,58.44 1 1
github.com/athlonxpgzw/cluster-api-provider-docker/pkg/provisioning/cloudinit/runcmd.go:66.2,66.44 1 1
github.com/athlonxpgzw/cluster-api-provider-docker/pkg/provisioning/cloudinit/runcmd.go:74.2,74.10 1 1
github.com/athlonxpgzw/cluster-api-provider-docker/pkg/provisioning/cloudinit/runcmd.go:58.44,59.24 1 1
github.com/athlonxpgzw/cluster-api-provider-docker/pkg/provisioning/cloudinit/runcmd.go:59.24,62.4 2 1
github.com/athlonxpgzw/cluster-api-provider-docker/pkg/provisioning/cloudinit/runcmd.go:66.44,67.49 1 1
github.com/athlonxpgzw/cluster-api-provider-docker/pkg/provisioning/cloudinit/runcmd.go:67.49,71.4 3 1
github.com/athlonxpgzw/cluster-api-provider-docker/pkg/docker/types/node.go:46.46,53.2 1 1
github.com/athlonxpgzw/cluster-api-provider-docker/pkg/docker/types/node.go:56.48,59.2 2 0
github.com/athlonxpgzw/cluster-api-provider-docker/pkg/docker/types/node.go:62.31,64.2 1 0
github.com/athlonxpgzw/cluster-api-provider-docker/pkg/docker/types/node.go:67.39,69.2 1 0
github.com/athlonxpgzw/cluster-api-provider-docker/pkg/docker/types/node.go:72.65,75.16 2 1
github.com/athlonxpgzw/cluster-api-provider-docker/pkg/docker/types/node.go:80.2,81.16 2 1
github.com/athlonxpgzw/cluster-api-provider-docker/pkg/docker/types/node.go:85.2,85.18 1 1
github.com/athlonxpgzw/cluster-api-provider-docker/pkg/docker/types/node.go:75.16,77.3 1 0
github.com/athlonxpgzw/cluster-api-provider-docker/pkg/docker/types/node.go:81.16,83.3 1 0
github.com/athlonxpgzw/cluster-api-provider-docker/pkg/docker/types/node.go:89.33,91.2 1 0
github.com/athlonxpgzw/cluster-api-provider-docker/pkg/docker/types/node.go:94.50,96.16 2 1
github.com/athlonxpgzw/cluster-api-provider-docker/pkg/docker/types/node.go:100.2,101.16 2 1
github.com/athlonxpgzw/cluster-api-provider-docker/pkg/docker/types/node.go:120.2,120.12 1 1
github.com/athlonxpgzw/cluster-api-provider-docker/pkg/docker/types/node.go:96.16,98.3 1 0
github.com/athlonxpgzw/cluster-api-provider-docker/pkg/docker/types/node.go:101.16,111.17 6 0
github.com/athlonxpgzw/cluster-api-provider-docker/pkg/docker/types/node.go:117.3,117.68 1 0
github.com/athlonxpgzw/cluster-api-provider-docker/pkg/docker/types/node.go:111.17,113.4 1 0
github.com/athlonxpgzw/cluster-api-provider-docker/pkg/docker/types/node.go:113.9,115.4 1 0
github.com/athlonxpgzw/cluster-api-provider-docker/pkg/docker/types/node.go:124.75,127.37 2 1
github.com/athlonxpgzw/cluster-api-provider-docker/pkg/docker/types/node.go:131.2,133.25 3 1
github.com/athlonxpgzw/cluster-api-provider-docker/pkg/docker/types/node.go:127.37,129.3 1 0
github.com/athlonxpgzw/cluster-api-provider-docker/pkg/docker/types/node.go:137.63,139.16 2 1
github.com/athlonxpgzw/cluster-api-provider-docker/pkg/docker/types/node.go:143.2,144.16 2 1
github.com/athlonxpgzw/cluster-api-provider-docker/pkg/docker/types/node.go:148.2,148.12 1 1
github.com/athlonxpgzw/cluster-api-provider-docker/pkg/docker/types/node.go:139.16,141.3 1 0
github.com/athlonxpgzw/cluster-api-provider-docker/pkg/docker/types/node.go:144.16,146.3 1 0
github.com/athlonxpgzw/cluster-api-provider-docker/pkg/docker/types/node.go:157.66,161.2 1 1
github.com/athlonxpgzw/cluster-api-provider-docker/pkg/docker/types/node.go:164.80,170.2 1 1
github.com/athlonxpgzw/cluster-api-provider-docker/pkg/docker/types/node.go:184.55,186.16 2 1
github.com/athlonxpgzw/cluster-api-provider-docker/pkg/docker/types/node.go:190.2,198.16 3 1
github.com/athlonxpgzw/cluster-api-provider-docker/pkg/docker/types/node.go:202.2,202.12 1 1
github.com/athlonxpgzw/cluster-api-provider-docker/pkg/docker/types/node.go:186.16,188.3 1 0
github.com/athlonxpgzw/cluster-api-provider-docker/pkg/docker/types/node.go:198.16,200.3 1 0
github.com/athlonxpgzw/cluster-api-provider-docker/pkg/docker/types/node.go:206.46,208.2 1 0
github.com/athlonxpgzw/cluster-api-provider-docker/pkg/docker/types/node.go:211.46,213.2 1 1
github.com/athlonxpgzw/cluster-api-provider-docker/pkg/docker/types/node.go:216.47,218.2 1 0
github.com/athlonxpgzw/cluster-api-provider-docker/pkg/docker/types/node.go:221.47,223.2 1 0
github.com/athlonxpgzw/cluster-api-provider-docker/pkg/container/docker.go:53.41,55.16 2 0
github.com/athlonxpgzw/cluster-api-provider-docker/pkg/container/docker.go:58.2,60.8 1 0
github.com/athlonxpgzw/cluster-api-provider-docker/pkg/container/docker.go:55.16,57.3 1 0
github.com/athlonxpgzw/cluster-api-provider-docker/pkg/container/docker.go:64.48,66.16 2 0
github.com/athlonxpgzw/cluster-api-provider-docker/pkg/container/docker.go:70.2,70.26 1 0
github.com/athlonxpgzw/cluster-api-provider-docker/pkg/container/docker.go:66.16,68.3 1 0
github.com/athlonxpgzw/cluster-api-provider-docker/pkg/container/docker.go:74.91,76.16 2 0
github.com/athlonxpgzw/cluster-api-provider-docker/pkg/container/docker.go:79.2,82.16 3 0
github.com/athlonxpgzw/cluster-api-provider-docker/pkg/container/docker.go:85.2,88.16 3 0
github.com/athlonxpgzw/cluster-api-provider-docker/pkg/container/docker.go:92.2,92.12 1 0
github.com/athlonxpgzw/cluster-api-provider-docker/pkg/container/docker.go:76.16,78.3 1 0
github.com/athlonxpgzw/cluster-api-provider-docker/pkg/container/docker.go:82.16,84.3 1 0
github.com/athlonxpgzw/cluster-api-provider-docker/pkg/container/docker.go:88.16,90.3 1 0
github.com/athlonxpgzw/cluster-api-provider-docker/pkg/container/docker.go:98.96,100.16 2 0
github.com/athlonxpgzw/cluster-api-provider-docker/pkg/container/docker.go:103.2,103.24 1 0
github.com/athlonxpgzw/cluster-api-provider-docker/pkg/container/docker.go:107.2,107.41 1 0
github.com/athlonxpgzw/cluster-api-provider-docker/pkg/container/docker.go:100.16,102.3 1 0
github.com/athlonxpgzw/cluster-api-provider-docker/pkg/container/docker.go:103.24,105.3 1 0
github.com/athlonxpgzw/cluster-api-provider-docker/pkg/container/docker.go:111.85,113.16 2 0
github.com/athlonxpgzw/cluster-api-provider-docker/pkg/container/docker.go:116.2,120.47 2 0
github.com/athlonxpgzw/cluster-api-provider-docker/pkg/container/docker.go:124.2,124.12 1 0
github.com/athlonxpgzw/cluster-api-provider-docker/pkg/container/docker.go:113.16,115.3 1 0
github.com/athlonxpgzw/cluster-api-provider-docker/pkg/container/docker.go:120.47,122.3 1 0
github.com/athlonxpgzw/cluster-api-provider-docker/pkg/container/docker.go:128.93,134.16 4 0
github.com/athlonxpgzw/cluster-api-provider-docker/pkg/container/docker.go:137.2,137.21 1 0
github.com/athlonxpgzw/cluster-api-provider-docker/pkg/container/docker.go:140.2,140.19 1 0
github.com/athlonxpgzw/cluster-api-provider-docker/pkg/container/docker.go:134.16,136.3 1 0
github.com/athlonxpgzw/cluster-api-provider-docker/pkg/container/docker.go:137.21,139.3 1 0
github.com/athlonxpgzw/cluster-api-provider-docker/pkg/container/docker.go:144.113,147.16 2 0
github.com/athlonxpgzw/cluster-api-provider-docker/pkg/container/docker.go:152.2,152.66 1 0
github.com/athlonxpgzw/cluster-api-provider-docker/pkg/container/docker.go:160.2,160.81 1 0
github.com/athlonxpgzw/cluster-api-provider-docker/pkg/container/docker.go:147.16,149.3 1 0
github.com/athlonxpgzw/cluster-api-provider-docker/pkg/container/docker.go:152.66,153.38 1 0
github.com/athlonxpgzw/cluster-api-provider-docker/pkg/container/docker.go:153.38,154.37 1 0
github.com/athlonxpgzw/cluster-api-provider-docker/pkg/container/docker.go:154.37,156.5 1 0
github.com/athlonxpgzw/cluster-api-provider-docker/pkg/container/docker.go:164.149,179.16 4 0
github.com/athlonxpgzw/cluster-api-provider-docker/pkg/container/docker.go:183.2,184.18 2 0
github.com/athlonxpgzw/cluster-api-provider-docker/pkg/container/docker.go:188.2,189.16 2 0
github.com/athlonxpgzw/cluster-api-provider-docker/pkg/container/docker.go:192.2,196.31 3 0
github.com/athlonxpgzw/cluster-api-provider-docker/pkg/container/docker.go:204.2,204.32 1 0
github.com/athlonxpgzw/cluster-api-provider-docker/pkg/container/docker.go:209.2,210.12 2 0
github.com/athlonxpgzw/cluster-api-provider-docker/pkg/container/docker.go:222.2,222.9 1 0
github.com/athlonxpgzw/cluster-api-provider-docker/pkg/container/docker.go:237.2,238.18 2 0
github.com/athlonxpgzw/cluster-api-provider-docker/pkg/container/docker.go:255.2,255.12 1 0
github.com/athlonxpgzw/cluster-api-provider-docker/pkg/container/docker.go:179.16,181.3 1 0
github.com/athlonxpgzw/cluster-api-provider-docker/pkg/container/docker.go:184.18,186.3 1 0
github.com/athlonxpgzw/cluster-api-provider-docker/pkg/container/docker.go:189.16,191.3 1 0
github.com/athlonxpgzw/cluster-api-provider-docker/pkg/container/docker.go:196.31,197.13 1 0
github.com/athlonxpgzw/cluster-api-provider-docker/pkg/container/docker.go:197.13,201.4 3 0
github.com/athlonxpgzw/cluster-api-provider-docker/pkg/container/docker.go:204.32,207.3 1 0
github.com/athlonxpgzw/cluster-api-provider-docker/pkg/container/docker.go:210.12,213.32 2 0
github.com/athlonxpgzw/cluster-api-provider-docker/pkg/container/docker.go:218.3,219.22 2 0
github.com/athlonxpgzw/cluster-api-provider-docker/pkg/container/docker.go:213.32,215.4 1 0
github.com/athlonxpgzw/cluster-api-provider-docker/pkg/container/docker.go:215.9,217.4 1 0
github.com/athlonxpgzw/cluster-api-provider-docker/pkg/container/docker.go:223.28,224.17 1 0
github.com/athlonxpgzw/cluster-api-provider-docker/pkg/container/docker.go:228.29,229.17 1 0
github.com/athlonxpgzw/cluster-api-provider-docker/pkg/container/docker.go:233.20,234.55 1 0
github.com/athlonxpgzw/cluster-api-provider-docker/pkg/container/docker.go:224.17,226.4 1 0
github.com/athlonxpgzw/cluster-api-provider-docker/pkg/container/docker.go:229.17,231.4 1 0
github.com/athlonxpgzw/cluster-api-provider-docker/pkg/container/docker.go:238.18,240.17 2 0
github.com/athlonxpgzw/cluster-api-provider-docker/pkg/container/docker.go:244.3,244.23 1 0
github.com/athlonxpgzw/cluster-api-provider-docker/pkg/container/docker.go:251.3,252.10 2 0
github.com/athlonxpgzw/cluster-api-provider-docker/pkg/container/docker.go:240.17,242.4 1 0
github.com/athlonxpgzw/cluster-api-provider-docker/pkg/container/docker.go:244.23,245.47 1 0
github.com/athlonxpgzw/cluster-api-provider-docker/pkg/container/docker.go:248.4,248.9 1 0
github.com/athlonxpgzw/cluster-api-provider-docker/pkg/container/docker.go:245.47,247.5 1 0
github.com/athlonxpgzw/cluster-api-provider-docker/pkg/container/docker.go:259.105,267.35 2 0
github.com/athlonxpgzw/cluster-api-provider-docker/pkg/container/docker.go:279.2,280.16 2 0
github.com/athlonxpgzw/cluster-api-provider-docker/pkg/container/docker.go:284.2,285.34 2 0
github.com/athlonxpgzw/cluster-api-provider-docker/pkg/container/docker.go:290.2,290.24 1 0
github.com/athlonxpgzw/cluster-api-provider-docker/pkg/container/docker.go:267.35,268.41 1 0
github.com/athlonxpgzw/cluster-api-provider-docker/pkg/container/docker.go:268.41,269.32 1 0
github.com/athlonxpgzw/cluster-api-provider-docker/pkg/container/docker.go:269.32,270.16 1 0
github.com/athlonxpgzw/cluster-api-provider-docker/pkg/container/docker.go:270.16,272.6 1 0
github.com/athlonxpgzw/cluster-api-provider-docker/pkg/container/docker.go:272.11,274.6 1 0
github.com/athlonxpgzw/cluster-api-provider-docker/pkg/container/docker.go:280.16,282.3 1 0
github.com/athlonxpgzw/cluster-api-provider-docker/pkg/container/docker.go:285.34,288.3 2 0
github.com/athlonxpgzw/cluster-api-provider-docker/pkg/container/docker.go:294.90,299.2 1 0
github.com/athlonxpgzw/cluster-api-provider-docker/pkg/container/docker.go:302.96,304.2 1 0
github.com/athlonxpgzw/cluster-api-provider-docker/pkg/container/docker.go:309.108,311.16 2 0
github.com/athlonxpgzw/cluster-api-provider-docker/pkg/container/docker.go:315.2,315.61 1 0
github.com/athlonxpgzw/cluster-api-provider-docker/pkg/container/docker.go:319.2,319.20 1 0
github.com/athlonxpgzw/cluster-api-provider-docker/pkg/container/docker.go:311.16,313.3 1 0
github.com/athlonxpgzw/cluster-api-provider-docker/pkg/container/docker.go:315.61,317.3 1 0
github.com/athlonxpgzw/cluster-api-provider-docker/pkg/container/docker.go:323.106,325.16 2 0
github.com/athlonxpgzw/cluster-api-provider-docker/pkg/container/docker.go:329.2,337.16 5 0
github.com/athlonxpgzw/cluster-api-provider-docker/pkg/container/docker.go:340.2,344.16 4 0
github.com/athlonxpgzw/cluster-api-provider-docker/pkg/container/docker.go:347.2,347.12 1 0
github.com/athlonxpgzw/cluster-api-provider-docker/pkg/container/docker.go:325.16,327.3 1 0
github.com/athlonxpgzw/cluster-api-provider-docker/pkg/container/docker.go:337.16,339.3 1 0
github.com/athlonxpgzw/cluster-api-provider-docker/pkg/container/docker.go:344.16,346.3 1 0
github.com/athlonxpgzw/cluster-api-provider-docker/pkg/container/docker.go:352.71,358.2 1 0
github.com/athlonxpgzw/cluster-api-provider-docker/pkg/container/docker.go:361.113,390.50 4 0
github.com/athlonxpgzw/cluster-api-provider-docker/pkg/container/docker.go:399.2,400.16 2 0
github.com/athlonxpgzw/cluster-api-provider-docker/pkg/container/docker.go:404.2,404.12 1 0
github.com/athlonxpgzw/cluster-api-provider-docker/pkg/container/docker.go:408.2,412.16 3 0
github.com/athlonxpgzw/cluster-api-provider-docker/pkg/container/docker.go:415.2,415.42 1 0
github.com/athlonxpgzw/cluster-api-provider-docker/pkg/container/docker.go:418.2,423.24 4 0
github.com/athlonxpgzw/cluster-api-provider-docker/pkg/container/docker.go:430.2,430.78 1 0
github.com/athlonxpgzw/cluster-api-provider-docker/pkg/container/docker.go:435.2,443.16 2 0
github.com/athlonxpgzw/cluster-api-provider-docker/pkg/container/docker.go:447.2,448.19 2 0
github.com/athlonxpgzw/cluster-api-provider-docker/pkg/container/docker.go:465.2,465.99 1 0
github.com/athlonxpgzw/cluster-api-provider-docker/pkg/container/docker.go:469.2,469.19 1 0
github.com/athlonxpgzw/cluster-api-provider-docker/pkg/container/docker.go:495.2,496.16 2 0
github.com/athlonxpgzw/cluster-api-provider-docker/pkg/container/docker.go:500.2,500.57 1 0
github.com/athlonxpgzw/cluster-api-provider-docker/pkg/container/docker.go:504.2,504.12 1 0
github.com/athlonxpgzw/cluster-api-provider-docker/pkg/container/docker.go:390.50,395.3 1 0
github.com/athlonxpgzw/cluster-api-provider-docker/pkg/container/docker.go:400.16,402.3 1 0
github.com/athlonxpgzw/cluster-api-provider-docker/pkg/container/docker.go:404.12,406.3 1 0
github.com/athlonxpgzw/cluster-api-provider-docker/pkg/container/docker.go:412.16,414.3 1 0
github.com/athlonxpgzw/cluster-api-provider-docker/pkg/container/docker.go:415.42,417.3 1 0
github.com/athlonxpgzw/cluster-api-provider-docker/pkg/container/docker.go:423.24,427.3 1 0
github.com/athlonxpgzw/cluster-api-provider-docker/pkg/container/docker.go:430.78,432.3 1 0
github.com/athlonxpgzw/cluster-api-provider-docker/pkg/container/docker.go:443.16,445.3 1 0
github.com/athlonxpgzw/cluster-api-provider-docker/pkg/container/docker.go:448.19,459.17 3 0
github.com/athlonxpgzw/cluster-api-provider-docker/pkg/container/docker.go:459.17,461.4 1 0
github.com/athlonxpgzw/cluster-api-provider-docker/pkg/container/docker.go:465.99,467.3 1 0
github.com/athlonxpgzw/cluster-api-provider-docker/pkg/container/docker.go:469.19,471.13 2 0
github.com/athlonxpgzw/cluster-api-provider-docker/pkg/container/docker.go:476.3,480.10 3 0
github.com/athlonxpgzw/cluster-api-provider-docker/pkg/container/docker.go:471.13,475.4 2 0
github.com/athlonxpgzw/cluster-api-provider-docker/pkg/container/docker.go:481.23,482.18 1 0
github.com/athlonxpgzw/cluster-api-provider-docker/pkg/container/docker.go:485.30,486.18 1 0
github.com/athlonxpgzw/cluster-api-provider-docker/pkg/container/docker.go:489.19,489.19 0 0
github.com/athlonxpgzw/cluster-api-provider-docker/pkg/container/docker.go:490.21,491.20 1 0
github.com/athlonxpgzw/cluster-api-provider-docker/pkg/container/docker.go:482.18,484.5 1 0
github.com/athlonxpgzw/cluster-api-provider-docker/pkg/container/docker.go:486.18,488.5 1 0
github.com/athlonxpgzw/cluster-api-provider-docker/pkg/container/docker.go:496.16,498.3 1 0
github.com/athlonxpgzw/cluster-api-provider-docker/pkg/container/docker.go:500.57,502.3 1 0
github.com/athlonxpgzw/cluster-api-provider-docker/pkg/container/docker.go:510.75,512.16 2 0
github.com/athlonxpgzw/cluster-api-provider-docker/pkg/container/docker.go:516.2,516.60 1 0
github.com/athlonxpgzw/cluster-api-provider-docker/pkg/container/docker.go:512.16,514.3 1 0
github.com/athlonxpgzw/cluster-api-provider-docker/pkg/container/docker.go:520.51,521.20 1 0
github.com/athlonxpgzw/cluster-api-provider-docker/pkg/container/docker.go:529.2,529.11 1 0
github.com/athlonxpgzw/cluster-api-provider-docker/pkg/container/docker.go:521.20,522.22 1 0
github.com/athlonxpgzw/cluster-api-provider-docker/pkg/container/docker.go:526.3,526.18 1 0
github.com/athlonxpgzw/cluster-api-provider-docker/pkg/container/docker.go:522.22,524.4 1 0
github.com/athlonxpgzw/cluster-api-provider-docker/pkg/container/docker.go:533.60,535.44 2 0
github.com/athlonxpgzw/cluster-api-provider-docker/pkg/container/docker.go:538.2,538.16 1 0
github.com/athlonxpgzw/cluster-api-provider-docker/pkg/container/docker.go:535.44,537.3 1 0
github.com/athlonxpgzw/cluster-api-provider-docker/pkg/container/docker.go:541.119,544.40 2 0
github.com/athlonxpgzw/cluster-api-provider-docker/pkg/container/docker.go:556.2,556.44 1 0
github.com/athlonxpgzw/cluster-api-provider-docker/pkg/container/docker.go:544.40,545.17 1 0
github.com/athlonxpgzw/cluster-api-provider-docker/pkg/container/docker.go:545.17,547.4 1 0
github.com/athlonxpgzw/cluster-api-provider-docker/pkg/container/docker.go:547.9,548.15 1 0
github.com/athlonxpgzw/cluster-api-provider-docker/pkg/container/docker.go:548.15,550.5 1 0
github.com/athlonxpgzw/cluster-api-provider-docker/pkg/container/docker.go:550.10,552.5 1 0
github.com/athlonxpgzw/cluster-api-provider-docker/pkg/container/docker.go:556.44,558.14 2 0
github.com/athlonxpgzw/cluster-api-provider-docker/pkg/container/docker.go:565.3,565.30 1 0
github.com/athlonxpgzw/cluster-api-provider-docker/pkg/container/docker.go:568.3,569.21 2 0
github.com/athlonxpgzw/cluster-api-provider-docker/pkg/container/docker.go:573.3,574.58 2 0
github.com/athlonxpgzw/cluster-api-provider-docker/pkg/container/docker.go:558.14,564.4 1 0
github.com/athlonxpgzw/cluster-api-provider-docker/pkg/container/docker.go:565.30,567.4 1 0
github.com/athlonxpgzw/cluster-api-provider-docker/pkg/container/docker.go:569.21,571.4 1 0
github.com/athlonxpgzw/cluster-api-provider-docker/pkg/container/docker.go:579.95,582.16 3 0
github.com/athlonxpgzw/cluster-api-provider-docker/pkg/container/docker.go:586.2,586.50 1 0
github.com/athlonxpgzw/cluster-api-provider-docker/pkg/container/docker.go:590.2,590.21 1 0
github.com/athlonxpgzw/cluster-api-provider-docker/pkg/container/docker.go:582.16,584.3 1 0
github.com/athlonxpgzw/cluster-api-provider-docker/pkg/container/docker.go:586.50,588.3 1 0
github.com/athlonxpgzw/cluster-api-provider-docker/pkg/container/docker.go:600.101,606.33 5 0
github.com/athlonxpgzw/cluster-api-provider-docker/pkg/container/docker.go:620.2,620.18 1 0
github.com/athlonxpgzw/cluster-api-provider-docker/pkg/container/docker.go:630.2,630.22 1 0
github.com/athlonxpgzw/cluster-api-provider-docker/pkg/container/docker.go:606.33,608.16 2 0
github.com/athlonxpgzw/cluster-api-provider-docker/pkg/container/docker.go:611.3,611.16 1 0
github.com/athlonxpgzw/cluster-api-provider-docker/pkg/container/docker.go:614.3,616.44 3 0
github.com/athlonxpgzw/cluster-api-provider-docker/pkg/container/docker.go:608.16,610.4 1 0
github.com/athlonxpgzw/cluster-api-provider-docker/pkg/container/docker.go:611.16,612.12 1 0
github.com/athlonxpgzw/cluster-api-provider-docker/pkg/container/docker.go:620.18,622.17 2 0
github.com/athlonxpgzw/cluster-api-provider-docker/pkg/container/docker.go:625.3,627.55 3 0
github.com/athlonxpgzw/cluster-api-provider-docker/pkg/container/docker.go:622.17,624.4 1 0
github.com/athlonxpgzw/cluster-api-provider-docker/pkg/container/docker.go:634.63,636.16 2 0
github.com/athlonxpgzw/cluster-api-provider-docker/pkg/container/docker.go:640.2,640.46 1 0
github.com/athlonxpgzw/cluster-api-provider-docker/pkg/container/docker.go:645.2,645.14 1 0
github.com/athlonxpgzw/cluster-api-provider-docker/pkg/container/docker.go:636.16,638.3 1 0
github.com/athlonxpgzw/cluster-api-provider-docker/pkg/container/docker.go:640.46,641.46 1 0
github.com/athlonxpgzw/cluster-api-provider-docker/pkg/container/docker.go:641.46,643.4 1 0
github.com/athlonxpgzw/cluster-api-provider-docker/pkg/container/docker.go:648.32,650.16 2 0
github.com/athlonxpgzw/cluster-api-provider-docker/pkg/container/docker.go:653.2,653.27 1 0
github.com/athlonxpgzw/cluster-api-provider-docker/pkg/container/docker.go:650.16,652.3 1 0
github.com/athlonxpgzw/cluster-api-provider-docker/pkg/container/docker.go:656.128,658.34 2 0
github.com/athlonxpgzw/cluster-api-provider-docker/pkg/container/docker.go:673.2,673.36 1 0
github.com/athlonxpgzw/cluster-api-provider-docker/pkg/container/docker.go:658.34,660.21 2 0
github.com/athlonxpgzw/cluster-api-provider-docker/pkg/container/docker.go:663.3,670.74 5 0
github.com/athlonxpgzw/cluster-api-provider-docker/pkg/container/docker.go:660.21,662.4 1 0
github.com/athlonxpgzw/cluster-api-provider-docker/pkg/container/fake.go:53.39,55.2 1 0
github.com/athlonxpgzw/cluster-api-provider-docker/pkg/container/fake.go:58.89,60.2 1 0
github.com/athlonxpgzw/cluster-api-provider-docker/pkg/container/fake.go:65.94,67.2 1 0
github.com/athlonxpgzw/cluster-api-provider-docker/pkg/container/fake.go:70.83,72.2 1 0
github.com/athlonxpgzw/cluster-api-provider-docker/pkg/container/fake.go:75.91,77.2 1 0
github.com/athlonxpgzw/cluster-api-provider-docker/pkg/container/fake.go:80.111,82.2 1 0
github.com/athlonxpgzw/cluster-api-provider-docker/pkg/container/fake.go:85.146,93.2 2 0
github.com/athlonxpgzw/cluster-api-provider-docker/pkg/container/fake.go:97.64,99.2 1 0
github.com/athlonxpgzw/cluster-api-provider-docker/pkg/container/fake.go:102.52,104.2 1 0
github.com/athlonxpgzw/cluster-api-provider-docker/pkg/container/fake.go:107.103,109.2 1 0
github.com/athlonxpgzw/cluster-api-provider-docker/pkg/container/fake.go:112.88,115.2 2 0
github.com/athlonxpgzw/cluster-api-provider-docker/pkg/container/fake.go:118.55,120.2 1 0
github.com/athlonxpgzw/cluster-api-provider-docker/pkg/container/fake.go:123.54,125.2 1 0
github.com/athlonxpgzw/cluster-api-provider-docker/pkg/container/fake.go:128.94,134.2 2 0
github.com/athlonxpgzw/cluster-api-provider-docker/pkg/container/fake.go:137.64,139.2 1 0
github.com/athlonxpgzw/cluster-api-provider-docker/pkg/container/fake.go:142.52,144.2 1 0
github.com/athlonxpgzw/cluster-api-provider-docker/pkg/container/fake.go:149.106,151.2 1 0
github.com/athlonxpgzw/cluster-api-provider-docker/pkg/container/fake.go:154.104,156.2 1 0
github.com/athlonxpgzw/cluster-api-provider-docker/pkg/container/fake.go:159.111,162.2 2 0
github.com/athlonxpgzw/cluster-api-provider-docker/pkg/container/fake.go:165.62,167.2 1 0
github.com/athlonxpgzw/cluster-api-provider-docker/pkg/container/fake.go:170.51,172.2 1 0
github.com/athlonxpgzw/cluster-api-provider-docker/pkg/container/interface.go:116.55,118.2 1 1
github.com/athlonxpgzw/cluster-api-provider-docker/pkg/container/interface.go:121.65,122.26 1 1
github.com/athlonxpgzw/cluster-api-provider-docker/pkg/container/interface.go:125.2,125.44 1 1
github.com/athlonxpgzw/cluster-api-provider-docker/pkg/container/interface.go:122.26,124.3 1 1
github.com/athlonxpgzw/cluster-api-provider-docker/pkg/container/interface.go:140.56,141.60 1 1
github.com/athlonxpgzw/cluster-api-provider-docker/pkg/container/interface.go:144.2,144.71 1 1
github.com/athlonxpgzw/cluster-api-provider-docker/pkg/container/interface.go:141.60,143.3 1 1
github.com/athlonxpgzw/cluster-api-provider-docker/pkg/container/interface.go:149.72,151.2 1 1
github.com/athlonxpgzw/cluster-api-provider-docker/api/v1alpha1/dockercluster_webhook.go:31.73,35.2 1 0
github.com/athlonxpgzw/cluster-api-provider-docker/api/v1alpha1/dockercluster_webhook.go:44.35,48.2 1 0
github.com/athlonxpgzw/cluster-api-provider-docker/api/v1alpha1/dockercluster_webhook.go:56.48,59.28 2 0
github.com/athlonxpgzw/cluster-api-provider-docker/api/v1alpha1/dockercluster_webhook.go:62.2,62.12 1 0
github.com/athlonxpgzw/cluster-api-provider-docker/api/v1alpha1/dockercluster_webhook.go:59.28,61.3 1 0
github.com/athlonxpgzw/cluster-api-provider-docker/api/v1alpha1/dockercluster_webhook.go:66.66,71.2 2 0
github.com/athlonxpgzw/cluster-api-provider-docker/api/v1alpha1/dockercluster_webhook.go:74.48,79.2 2 0
github.com/athlonxpgzw/cluster-api-provider-docker/api/v1alpha1/dockermachine_types.go:110.13,112.2 1 1
github.com/athlonxpgzw/cluster-api-provider-docker/api/v1alpha1/dockermachine_types.go:114.74,116.2 1 0
github.com/athlonxpgzw/cluster-api-provider-docker/api/v1alpha1/dockermachine_types.go:118.84,120.2 1 0
github.com/athlonxpgzw/cluster-api-provider-docker/api/v1alpha1/dockermachinetemplate_types.go:69.13,71.2 1 1
github.com/athlonxpgzw/cluster-api-provider-docker/api/v1alpha1/zz_generated.deepcopy.go:30.59,36.2 5 0
github.com/athlonxpgzw/cluster-api-provider-docker/api/v1alpha1/zz_generated.deepcopy.go:39.52,40.15 1 0
github.com/athlonxpgzw/cluster-api-provider-docker/api/v1alpha1/zz_generated.deepcopy.go:43.2,45.12 3 0
github.com/athlonxpgzw/cluster-api-provider-docker/api/v1alpha1/zz_generated.deepcopy.go:40.15,42.3 1 0
github.com/athlonxpgzw/cluster-api-provider-docker/api/v1alpha1/zz_generated.deepcopy.go:49.58,50.34 1 0
github.com/athlonxpgzw/cluster-api-provider-docker/api/v1alpha1/zz_generated.deepcopy.go:53.2,53.12 1 0
github.com/athlonxpgzw/cluster-api-provider-docker/api/v1alpha1/zz_generated.deepcopy.go:50.34,52.3 1 0
github.com/athlonxpgzw/cluster-api-provider-docker/api/v1alpha1/zz_generated.deepcopy.go:57.67,61.21 4 0
github.com/athlonxpgzw/cluster-api-provider-docker/api/v1alpha1/zz_generated.deepcopy.go:61.21,64.22 3 0
github.com/athlonxpgzw/cluster-api-provider-docker/api/v1alpha1/zz_generated.deepcopy.go:64.22,66.4 1 0
github.com/athlonxpgzw/cluster-api-provider-docker/api/v1alpha1/zz_generated.deepcopy.go:71.60,72.15 1 0
github.com/athlonxpgzw/cluster-api-provider-docker/api/v1alpha1/zz_generated.deepcopy.go:75.2,77.12 3 0
github.com/athlonxpgzw/cluster-api-provider-docker/api/v1alpha1/zz_generated.deepcopy.go:72.15,74.3 1 0
github.com/athlonxpgzw/cluster-api-provider-docker/api/v1alpha1/zz_generated.deepcopy.go:81.62,82.34 1 0
github.com/athlonxpgzw/cluster-api-provider-docker/api/v1alpha1/zz_generated.deepcopy.go:85.2,85.12 1 0
github.com/athlonxpgzw/cluster-api-provider-docker/api/v1alpha1/zz_generated.deepcopy.go:82.34,84.3 1 0
github.com/athlonxpgzw/cluster-api-provider-docker/api/v1alpha1/zz_generated.deepcopy.go:89.67,92.2 2 0
github.com/athlonxpgzw/cluster-api-provider-docker/api/v1alpha1/zz_generated.deepcopy.go:95.60,96.15 1 0
github.com/athlonxpgzw/cluster-api-provider-docker/api/v1alpha1/zz_generated.deepcopy.go:99.2,101.12 3 0
github.com/athlonxpgzw/cluster-api-provider-docker/api/v1alpha1/zz_generated.deepcopy.go:96.15,98.3 1 0
github.com/athlonxpgzw/cluster-api-provider-docker/api/v1alpha1/zz_generated.deepcopy.go:105.71,107.2 1 0
github.com/athlonxpgzw/cluster-api-provider-docker/api/v1alpha1/zz_generated.deepcopy.go:110.64,111.15 1 0
github.com/athlonxpgzw/cluster-api-provider-docker/api/v1alpha1/zz_generated.deepcopy.go:114.2,116.12 3 0
github.com/athlonxpgzw/cluster-api-provider-docker/api/v1alpha1/zz_generated.deepcopy.go:111.15,113.3 1 0
github.com/athlonxpgzw/cluster-api-provider-docker/api/v1alpha1/zz_generated.deepcopy.go:120.59,126.2 5 0
github.com/athlonxpgzw/cluster-api-provider-docker/api/v1alpha1/zz_generated.deepcopy.go:129.52,130.15 1 0
github.com/athlonxpgzw/cluster-api-provider-docker/api/v1alpha1/zz_generated.deepcopy.go:133.2,135.12 3 0
github.com/athlonxpgzw/cluster-api-provider-docker/api/v1alpha1/zz_generated.deepcopy.go:130.15,132.3 1 0
github.com/athlonxpgzw/cluster-api-provider-docker/api/v1alpha1/zz_generated.deepcopy.go:139.58,140.34 1 0
github.com/athlonxpgzw/cluster-api-provider-docker/api/v1alpha1/zz_generated.deepcopy.go:143.2,143.12 1 0
github.com/athlonxpgzw/cluster-api-provider-docker/api/v1alpha1/zz_generated.deepcopy.go:140.34,142.3 1 0
github.com/athlonxpgzw/cluster-api-provider-docker/api/v1alpha1/zz_generated.deepcopy.go:147.67,151.21 4 0
github.com/athlonxpgzw/cluster-api-provider-docker/api/v1alpha1/zz_generated.deepcopy.go:151.21,154.22 3 0
github.com/athlonxpgzw/cluster-api-provider-docker/api/v1alpha1/zz_generated.deepcopy.go:154.22,156.4 1 0
github.com/athlonxpgzw/cluster-api-provider-docker/api/v1alpha1/zz_generated.deepcopy.go:161.60,162.15 1 0
github.com/athlonxpgzw/cluster-api-provider-docker/api/v1alpha1/zz_generated.deepcopy.go:165.2,167.12 3 0
github.com/athlonxpgzw/cluster-api-provider-docker/api/v1alpha1/zz_generated.deepcopy.go:162.15,164.3 1 0
github.com/athlonxpgzw/cluster-api-provider-docker/api/v1alpha1/zz_generated.deepcopy.go:171.62,172.34 1 0
github.com/athlonxpgzw/cluster-api-provider-docker/api/v1alpha1/zz_generated.deepcopy.go:175.2,175.12 1 0
github.com/athlonxpgzw/cluster-api-provider-docker/api/v1alpha1/zz_generated.deepcopy.go:172.34,174.3 1 0
github.com/athlonxpgzw/cluster-api-provider-docker/api/v1alpha1/zz_generated.deepcopy.go:179.67,181.26 2 0
github.com/athlonxpgzw/cluster-api-provider-docker/api/v1alpha1/zz_generated.deepcopy.go:181.26,185.3 3 0
github.com/athlonxpgzw/cluster-api-provider-docker/api/v1alpha1/zz_generated.deepcopy.go:189.60,190.15 1 0
github.com/athlonxpgzw/cluster-api-provider-docker/api/v1alpha1/zz_generated.deepcopy.go:193.2,195.12 3 0
github.com/athlonxpgzw/cluster-api-provider-docker/api/v1alpha1/zz_generated.deepcopy.go:190.15,192.3 1 0
github.com/athlonxpgzw/cluster-api-provider-docker/api/v1alpha1/zz_generated.deepcopy.go:199.71,201.26 2 0
github.com/athlonxpgzw/cluster-api-provider-docker/api/v1alpha1/zz_generated.deepcopy.go:208.2,208.25 1 0
github.com/athlonxpgzw/cluster-api-provider-docker/api/v1alpha1/zz_generated.deepcopy.go:201.26,204.22 3 0
github.com/athlonxpgzw/cluster-api-provider-docker/api/v1alpha1/zz_generated.deepcopy.go:204.22,206.4 1 0
github.com/athlonxpgzw/cluster-api-provider-docker/api/v1alpha1/zz_generated.deepcopy.go:208.25,212.3 3 0
github.com/athlonxpgzw/cluster-api-provider-docker/api/v1alpha1/zz_generated.deepcopy.go:216.64,217.15 1 0
github.com/athlonxpgzw/cluster-api-provider-docker/api/v1alpha1/zz_generated.deepcopy.go:220.2,222.12 3 0
github.com/athlonxpgzw/cluster-api-provider-docker/api/v1alpha1/zz_generated.deepcopy.go:217.15,219.3 1 0
github.com/athlonxpgzw/cluster-api-provider-docker/api/v1alpha1/zz_generated.deepcopy.go:226.75,232.2 5 0
github.com/athlonxpgzw/cluster-api-provider-docker/api/v1alpha1/zz_generated.deepcopy.go:235.68,236.15 1 0
github.com/athlonxpgzw/cluster-api-provider-docker/api/v1alpha1/zz_generated.deepcopy.go:239.2,241.12 3 0
github.com/athlonxpgzw/cluster-api-provider-docker/api/v1alpha1/zz_generated.deepcopy.go:236.15,238.3 1 0
github.com/athlonxpgzw/cluster-api-provider-docker/api/v1alpha1/zz_generated.deepcopy.go:245.66,246.34 1 0
github.com/athlonxpgzw/cluster-api-provider-docker/api/v1alpha1/zz_generated.deepcopy.go:249.2,249.12 1 0
github.com/athlonxpgzw/cluster-api-provider-docker/api/v1alpha1/zz_generated.deepcopy.go:246.34,248.3 1 0
github.com/athlonxpgzw/cluster-api-provider-docker/api/v1alpha1/zz_generated.deepcopy.go:253.83,257.21 4 0
github.com/athlonxpgzw/cluster-api-provider-docker/api/v1alpha1/zz_generated.deepcopy.go:257.21,260.22 3 0
github.com/athlonxpgzw/cluster-api-provider-docker/api/v1alpha1/zz_generated.deepcopy.go:260.22,262.4 1 0
github.com/athlonxpgzw/cluster-api-provider-docker/api/v1alpha1/zz_generated.deepcopy.go:267.76,268.15 1 0
github.com/athlonxpgzw/cluster-api-provider-docker/api/v1alpha1/zz_generated.deepcopy.go:271.2,273.12 3 0
github.com/athlonxpgzw/cluster-api-provider-docker/api/v1alpha1/zz_generated.deepcopy.go:268.15,270.3 1 0
github.com/athlonxpgzw/cluster-api-provider-docker/api/v1alpha1/zz_generated.deepcopy.go:277.70,278.34 1 0
github.com/athlonxpgzw/cluster-api-provider-docker/api/v1alpha1/zz_generated.deepcopy.go:281.2,281.12 1 0
github.com/athlonxpgzw/cluster-api-provider-docker/api/v1alpha1/zz_generated.deepcopy.go:278.34,280.3 1 0
github.com/athlonxpgzw/cluster-api-provider-docker/api/v1alpha1/zz_generated.deepcopy.go:285.91,289.2 3 0
github.com/athlonxpgzw/cluster-api-provider-docker/api/v1alpha1/zz_generated.deepcopy.go:292.84,293.15 1 0
github.com/athlonxpgzw/cluster-api-provider-docker/api/v1alpha1/zz_generated.deepcopy.go:296.2,298.12 3 0
github.com/athlonxpgzw/cluster-api-provider-docker/api/v1alpha1/zz_generated.deepcopy.go:293.15,295.3 1 0
github.com/athlonxpgzw/cluster-api-provider-docker/api/v1alpha1/zz_generated.deepcopy.go:302.83,305.2 2 0
github.com/athlonxpgzw/cluster-api-provider-docker/api/v1alpha1/zz_generated.deepcopy.go:308.76,309.15 1 0
github.com/athlonxpgzw/cluster-api-provider-docker/api/v1alpha1/zz_generated.deepcopy.go:312.2,314.12 3 0
github.com/athlonxpgzw/cluster-api-provider-docker/api/v1alpha1/zz_generated.deepcopy.go:309.15,311.3 1 0
github.com/athlonxpgzw/cluster-api-provider-docker/api/v1alpha1/zz_generated.deepcopy.go:318.87,320.2 1 0
github.com/athlonxpgzw/cluster-api-provider-docker/api/v1alpha1/zz_generated.deepcopy.go:323.80,324.15 1 0
github.com/athlonxpgzw/cluster-api-provider-docker/api/v1alpha1/zz_generated.deepcopy.go:327.2,329.12 3 0
github.com/athlonxpgzw/cluster-api-provider-docker/api/v1alpha1/zz_generated.deepcopy.go:324.15,326.3 1 0
github.com/athlonxpgzw/cluster-api-provider-docker/api/v1alpha1/zz_generated.deepcopy.go:333.43,335.2 1 0
github.com/athlonxpgzw/cluster-api-provider-docker/api/v1alpha1/zz_generated.deepcopy.go:338.36,339.15 1 0
github.com/athlonxpgzw/cluster-api-provider-docker/api/v1alpha1/zz_generated.deepcopy.go:342.2,344.12 3 0
github.com/athlonxpgzw/cluster-api-provider-docker/api/v1alpha1/zz_generated.deepcopy.go:339.15,341.3 1 0
github.com/athlonxpgzw/cluster-api-provider-docker/api/v1alpha1/dockercluster_types.go:82.13,84.2 1 1
github.com/athlonxpgzw/cluster-api-provider-docker/pkg/docker/kind_manager.go:61.268,63.15 1 1
github.com/athlonxpgzw/cluster-api-provider-docker/pkg/docker/kind_manager.go:72.2,89.16 4 1
github.com/athlonxpgzw/cluster-api-provider-docker/pkg/docker/kind_manager.go:93.2,93.18 1 1
github.com/athlonxpgzw/cluster-api-provider-docker/pkg/docker/kind_manager.go:63.15,65.17 2 0
github.com/athlonxpgzw/cluster-api-provider-docker/pkg/docker/kind_manager.go:68.3,68.11 1 0
github.com/athlonxpgzw/cluster-api-provider-docker/pkg/docker/kind_manager.go:65.17,67.4 1 0
github.com/athlonxpgzw/cluster-api-provider-docker/pkg/docker/kind_manager.go:89.16,91.3 1 0
github.com/athlonxpgzw/cluster-api-provider-docker/pkg/docker/kind_manager.go:97.235,109.2 2 1
github.com/athlonxpgzw/cluster-api-provider-docker/pkg/docker/kind_manager.go:112.152,115.15 1 1
github.com/athlonxpgzw/cluster-api-provider-docker/pkg/docker/kind_manager.go:124.2,125.16 2 1
github.com/athlonxpgzw/cluster-api-provider-docker/pkg/docker/kind_manager.go:128.2,153.16 5 1
github.com/athlonxpgzw/cluster-api-provider-docker/pkg/docker/kind_manager.go:157.2,157.18 1 1
github.com/athlonxpgzw/cluster-api-provider-docker/pkg/docker/kind_manager.go:115.15,117.17 2 1
github.com/athlonxpgzw/cluster-api-provider-docker/pkg/docker/kind_manager.go:120.3,120.11 1 1
github.com/athlonxpgzw/cluster-api-provider-docker/pkg/docker/kind_manager.go:117.17,119.4 1 0
github.com/athlonxpgzw/cluster-api-provider-docker/pkg/docker/kind_manager.go:125.16,127.3 1 0
github.com/athlonxpgzw/cluster-api-provider-docker/pkg/docker/kind_manager.go:153.16,155.3 1 0
github.com/athlonxpgzw/cluster-api-provider-docker/pkg/docker/kind_manager.go:160.81,168.39 3 1
github.com/athlonxpgzw/cluster-api-provider-docker/pkg/docker/kind_manager.go:172.2,194.16 4 1
github.com/athlonxpgzw/cluster-api-provider-docker/pkg/docker/kind_manager.go:198.2,199.16 2 1
github.com/athlonxpgzw/cluster-api-provider-docker/pkg/docker/kind_manager.go:203.2,203.61 1 1
github.com/athlonxpgzw/cluster-api-provider-docker/pkg/docker/kind_manager.go:168.39,170.3 1 0
github.com/athlonxpgzw/cluster-api-provider-docker/pkg/docker/kind_manager.go:194.16,196.3 1 0
github.com/athlonxpgzw/cluster-api-provider-docker/pkg/docker/kind_manager.go:199.16,201.3 1 0
github.com/athlonxpgzw/cluster-api-provider-docker/pkg/docker/kind_manager.go:207.31,209.16 2 1
github.com/athlonxpgzw/cluster-api-provider-docker/pkg/docker/kind_manager.go:212.2,213.41 2 1
github.com/athlonxpgzw/cluster-api-provider-docker/pkg/docker/kind_manager.go:216.2,216.25 1 1
github.com/athlonxpgzw/cluster-api-provider-docker/pkg/docker/kind_manager.go:209.16,211.3 1 0
github.com/athlonxpgzw/cluster-api-provider-docker/pkg/docker/kind_manager.go:213.41,215.3 1 0
github.com/athlonxpgzw/cluster-api-provider-docker/pkg/docker/kind_manager.go:219.67,221.31 2 1
github.com/athlonxpgzw/cluster-api-provider-docker/pkg/docker/kind_manager.go:229.2,234.18 2 1
github.com/athlonxpgzw/cluster-api-provider-docker/pkg/docker/kind_manager.go:221.31,227.3 1 0
github.com/athlonxpgzw/cluster-api-provider-docker/pkg/docker/kind_manager.go:237.88,239.34 2 1
github.com/athlonxpgzw/cluster-api-provider-docker/pkg/docker/kind_manager.go:248.2,248.15 1 1
github.com/athlonxpgzw/cluster-api-provider-docker/pkg/docker/kind_manager.go:239.34,247.3 2 1
github.com/athlonxpgzw/cluster-api-provider-docker/pkg/docker/kind_manager.go:251.81,252.18 1 1
github.com/athlonxpgzw/cluster-api-provider-docker/pkg/docker/kind_manager.go:253.39,254.15 1 0
github.com/athlonxpgzw/cluster-api-provider-docker/pkg/docker/kind_manager.go:255.40,256.16 1 0
github.com/athlonxpgzw/cluster-api-provider-docker/pkg/docker/kind_manager.go:257.10,258.15 1 1
github.com/athlonxpgzw/cluster-api-provider-docker/pkg/docker/loadbalancer.go:48.132,49.24 1 0
github.com/athlonxpgzw/cluster-api-provider-docker/pkg/docker/loadbalancer.go:56.2,61.16 5 0
github.com/athlonxpgzw/cluster-api-provider-docker/pkg/docker/loadbalancer.go:65.2,72.8 2 0
github.com/athlonxpgzw/cluster-api-provider-docker/pkg/docker/loadbalancer.go:49.24,51.3 1 0
github.com/athlonxpgzw/cluster-api-provider-docker/pkg/docker/loadbalancer.go:61.16,63.3 1 0
github.com/athlonxpgzw/cluster-api-provider-docker/pkg/docker/loadbalancer.go:77.72,83.26 4 0
github.com/athlonxpgzw/cluster-api-provider-docker/pkg/docker/loadbalancer.go:89.2,89.60 1 0
github.com/athlonxpgzw/cluster-api-provider-docker/pkg/docker/loadbalancer.go:83.26,84.49 1 0
github.com/athlonxpgzw/cluster-api-provider-docker/pkg/docker/loadbalancer.go:84.49,86.4 1 0
github.com/athlonxpgzw/cluster-api-provider-docker/pkg/docker/loadbalancer.go:93.47,95.2 1 0
github.com/athlonxpgzw/cluster-api-provider-docker/pkg/docker/loadbalancer.go:98.58,105.24 4 0
github.com/athlonxpgzw/cluster-api-provider-docker/pkg/docker/loadbalancer.go:121.2,121.12 1 0
github.com/athlonxpgzw/cluster-api-provider-docker/pkg/docker/loadbalancer.go:105.24,116.17 4 0
github.com/athlonxpgzw/cluster-api-provider-docker/pkg/docker/loadbalancer.go:116.17,118.4 1 0
github.com/athlonxpgzw/cluster-api-provider-docker/pkg/docker/loadbalancer.go:125.71,128.24 2 0
github.com/athlonxpgzw/cluster-api-provider-docker/pkg/docker/loadbalancer.go:133.2,138.16 5 0
github.com/athlonxpgzw/cluster-api-provider-docker/pkg/docker/loadbalancer.go:142.2,143.38 2 0
github.com/athlonxpgzw/cluster-api-provider-docker/pkg/docker/loadbalancer.go:153.2,158.16 2 0
github.com/athlonxpgzw/cluster-api-provider-docker/pkg/docker/loadbalancer.go:162.2,163.96 2 0
github.com/athlonxpgzw/cluster-api-provider-docker/pkg/docker/loadbalancer.go:167.2,167.58 1 0
github.com/athlonxpgzw/cluster-api-provider-docker/pkg/docker/loadbalancer.go:128.24,130.3 1 0
github.com/athlonxpgzw/cluster-api-provider-docker/pkg/docker/loadbalancer.go:138.16,140.3 1 0
github.com/athlonxpgzw/cluster-api-provider-docker/pkg/docker/loadbalancer.go:143.38,145.17 2 0
github.com/athlonxpgzw/cluster-api-provider-docker/pkg/docker/loadbalancer.go:149.3,149.74 1 0
github.com/athlonxpgzw/cluster-api-provider-docker/pkg/docker/loadbalancer.go:145.17,147.4 1 0
github.com/athlonxpgzw/cluster-api-provider-docker/pkg/docker/loadbalancer.go:158.16,160.3 1 0
github.com/athlonxpgzw/cluster-api-provider-docker/pkg/docker/loadbalancer.go:163.96,165.3 1 0
github.com/athlonxpgzw/cluster-api-provider-docker/pkg/docker/loadbalancer.go:171.64,173.16 2 0
github.com/athlonxpgzw/cluster-api-provider-docker/pkg/docker/loadbalancer.go:176.2,176.16 1 0
github.com/athlonxpgzw/cluster-api-provider-docker/pkg/docker/loadbalancer.go:180.2,180.18 1 0
github.com/athlonxpgzw/cluster-api-provider-docker/pkg/docker/loadbalancer.go:173.16,175.3 1 0
github.com/athlonxpgzw/cluster-api-provider-docker/pkg/docker/loadbalancer.go:176.16,179.3 1 0
github.com/athlonxpgzw/cluster-api-provider-docker/pkg/docker/loadbalancer.go:184.58,187.24 2 0
github.com/athlonxpgzw/cluster-api-provider-docker/pkg/docker/loadbalancer.go:194.2,194.12 1 0
github.com/athlonxpgzw/cluster-api-provider-docker/pkg/docker/loadbalancer.go:187.24,189.49 2 0
github.com/athlonxpgzw/cluster-api-provider-docker/pkg/docker/loadbalancer.go:192.3,192.20 1 0
github.com/athlonxpgzw/cluster-api-provider-docker/pkg/docker/loadbalancer.go:189.49,191.4 1 0
github.com/athlonxpgzw/cluster-api-provider-docker/pkg/docker/machine.go:73.132,74.20 1 0
github.com/athlonxpgzw/cluster-api-provider-docker/pkg/docker/machine.go:77.2,77.24 1 0
github.com/athlonxpgzw/cluster-api-provider-docker/pkg/docker/machine.go:80.2,80.19 1 0
github.com/athlonxpgzw/cluster-api-provider-docker/pkg/docker/machine.go:84.2,87.37 4 0
github.com/athlonxpgzw/cluster-api-provider-docker/pkg/docker/machine.go:91.2,92.16 2 0
github.com/athlonxpgzw/cluster-api-provider-docker/pkg/docker/machine.go:96.2,97.16 2 0
github.com/athlonxpgzw/cluster-api-provider-docker/pkg/docker/machine.go:101.2,107.8 1 0
github.com/athlonxpgzw/cluster-api-provider-docker/pkg/docker/machine.go:74.20,76.3 1 0
github.com/athlonxpgzw/cluster-api-provider-docker/pkg/docker/machine.go:77.24,79.3 1 0
github.com/athlonxpgzw/cluster-api-provider-docker/pkg/docker/machine.go:80.19,82.3 1 0
github.com/athlonxpgzw/cluster-api-provider-docker/pkg/docker/machine.go:87.37,89.3 1 0
github.com/athlonxpgzw/cluster-api-provider-docker/pkg/docker/machine.go:92.16,94.3 1 0
github.com/athlonxpgzw/cluster-api-provider-docker/pkg/docker/machine.go:97.16,99.3 1 0
github.com/athlonxpgzw/cluster-api-provider-docker/pkg/docker/machine.go:111.123,112.20 1 0
github.com/athlonxpgzw/cluster-api-provider-docker/pkg/docker/machine.go:115.2,115.24 1 0
github.com/athlonxpgzw/cluster-api-provider-docker/pkg/docker/machine.go:119.2,121.31 3 0
github.com/athlonxpgzw/cluster-api-provider-docker/pkg/docker/machine.go:125.2,126.16 2 0
github.com/athlonxpgzw/cluster-api-provider-docker/pkg/docker/machine.go:130.2,131.16 2 0
github.com/athlonxpgzw/cluster-api-provider-docker/pkg/docker/machine.go:135.2,136.43 2 0
github.com/athlonxpgzw/cluster-api-provider-docker/pkg/docker/machine.go:146.2,146.22 1 0
github.com/athlonxpgzw/cluster-api-provider-docker/pkg/docker/machine.go:112.20,114.3 1 0
github.com/athlonxpgzw/cluster-api-provider-docker/pkg/docker/machine.go:115.24,117.3 1 0
github.com/athlonxpgzw/cluster-api-provider-docker/pkg/docker/machine.go:121.31,123.3 1 0
github.com/athlonxpgzw/cluster-api-provider-docker/pkg/docker/machine.go:126.16,128.3 1 0
github.com/athlonxpgzw/cluster-api-provider-docker/pkg/docker/machine.go:131.16,133.3 1 0
github.com/athlonxpgzw/cluster-api-provider-docker/pkg/docker/machine.go:136.43,144.3 1 0
github.com/athlonxpgzw/cluster-api-provider-docker/pkg/docker/machine.go:150.41,151.17 1 0
github.com/athlonxpgzw/cluster-api-provider-docker/pkg/docker/machine.go:154.2,154.71 1 0
github.com/athlonxpgzw/cluster-api-provider-docker/pkg/docker/machine.go:151.17,153.3 1 0
github.com/athlonxpgzw/cluster-api-provider-docker/pkg/docker/machine.go:158.33,160.2 1 0
github.com/athlonxpgzw/cluster-api-provider-docker/pkg/docker/machine.go:163.33,165.2 1 0
github.com/athlonxpgzw/cluster-api-provider-docker/pkg/docker/machine.go:168.42,170.2 1 0
github.com/athlonxpgzw/cluster-api-provider-docker/pkg/docker/machine.go:173.39,175.2 1 0
github.com/athlonxpgzw/cluster-api-provider-docker/pkg/docker/machine.go:179.64,181.16 2 0
github.com/athlonxpgzw/cluster-api-provider-docker/pkg/docker/machine.go:185.2,185.18 1 0
github.com/athlonxpgzw/cluster-api-provider-docker/pkg/docker/machine.go:181.16,183.3 1 0
github.com/athlonxpgzw/cluster-api-provider-docker/pkg/docker/machine.go:190.43,191.24 1 0
github.com/athlonxpgzw/cluster-api-provider-docker/pkg/docker/machine.go:194.2,194.26 1 0
github.com/athlonxpgzw/cluster-api-provider-docker/pkg/docker/machine.go:191.24,193.3 1 0
github.com/athlonxpgzw/cluster-api-provider-docker/pkg/docker/machine.go:198.147,201.35 2 0
github.com/athlonxpgzw/cluster-api-provider-docker/pkg/docker/machine.go:209.2,209.24 1 0
github.com/athlonxpgzw/cluster-api-provider-docker/pkg/docker/machine.go:266.2,266.12 1 0
github.com/athlonxpgzw/cluster-api-provider-docker/pkg/docker/machine.go:201.35,206.3 1 0
github.com/athlonxpgzw/cluster-api-provider-docker/pkg/docker/machine.go:209.24,213.18 3 0
github.com/athlonxpgzw/cluster-api-provider-docker/pkg/docker/machine.go:217.3,217.15 1 0
github.com/athlonxpgzw/cluster-api-provider-docker/pkg/docker/machine.go:255.3,255.86 1 0
github.com/athlonxpgzw/cluster-api-provider-docker/pkg/docker/machine.go:259.3,259.17 1 0
github.com/athlonxpgzw/cluster-api-provider-docker/pkg/docker/machine.go:264.3,264.13 1 0
github.com/athlonxpgzw/cluster-api-provider-docker/pkg/docker/machine.go:213.18,215.4 1 0
github.com/athlonxpgzw/cluster-api-provider-docker/pkg/docker/machine.go:218.44,232.18 3 0
github.com/athlonxpgzw/cluster-api-provider-docker/pkg/docker/machine.go:235.38,247.18 3 0
github.com/athlonxpgzw/cluster-api-provider-docker/pkg/docker/machine.go:250.11,251.70 1 0
github.com/athlonxpgzw/cluster-api-provider-docker/pkg/docker/machine.go:232.18,234.5 1 0
github.com/athlonxpgzw/cluster-api-provider-docker/pkg/docker/machine.go:247.18,249.5 1 0
github.com/athlonxpgzw/cluster-api-provider-docker/pkg/docker/machine.go:255.86,258.4 2 0
github.com/athlonxpgzw/cluster-api-provider-docker/pkg/docker/machine.go:259.17,263.4 3 0
github.com/athlonxpgzw/cluster-api-provider-docker/pkg/docker/machine.go:269.58,270.22 1 0
github.com/athlonxpgzw/cluster-api-provider-docker/pkg/docker/machine.go:274.2,275.27 2 0
github.com/athlonxpgzw/cluster-api-provider-docker/pkg/docker/machine.go:283.2,283.12 1 0
github.com/athlonxpgzw/cluster-api-provider-docker/pkg/docker/machine.go:270.22,272.3 1 0
github.com/athlonxpgzw/cluster-api-provider-docker/pkg/docker/machine.go:275.27,282.3 1 0
github.com/athlonxpgzw/cluster-api-provider-docker/pkg/docker/machine.go:287.81,290.16 2 0
github.com/athlonxpgzw/cluster-api-provider-docker/pkg/docker/machine.go:293.2,296.16 3 0
github.com/athlonxpgzw/cluster-api-provider-docker/pkg/docker/machine.go:300.2,300.31 1 0
github.com/athlonxpgzw/cluster-api-provider-docker/pkg/docker/machine.go:320.2,320.12 1 0
github.com/athlonxpgzw/cluster-api-provider-docker/pkg/docker/machine.go:290.16,292.3 1 0
github.com/athlonxpgzw/cluster-api-provider-docker/pkg/docker/machine.go:296.16,298.3 1 0
github.com/athlonxpgzw/cluster-api-provider-docker/pkg/docker/machine.go:300.31,304.17 3 0
github.com/athlonxpgzw/cluster-api-provider-docker/pkg/docker/machine.go:308.3,309.17 2 0
github.com/athlonxpgzw/cluster-api-provider-docker/pkg/docker/machine.go:312.3,316.37 4 0
github.com/athlonxpgzw/cluster-api-provider-docker/pkg/docker/machine.go:304.17,306.4 1 0
github.com/athlonxpgzw/cluster-api-provider-docker/pkg/docker/machine.go:309.17,311.4 1 0
github.com/athlonxpgzw/cluster-api-provider-docker/pkg/docker/machine.go:316.37,318.4 1 0
github.com/athlonxpgzw/cluster-api-provider-docker/pkg/docker/machine.go:324.100,327.24 2 0
github.com/athlonxpgzw/cluster-api-provider-docker/pkg/docker/machine.go:331.2,332.16 2 0
github.com/athlonxpgzw/cluster-api-provider-docker/pkg/docker/machine.go:336.2,338.16 2 0
github.com/athlonxpgzw/cluster-api-provider-docker/pkg/docker/machine.go:347.2,347.16 1 0
github.com/athlonxpgzw/cluster-api-provider-docker/pkg/docker/machine.go:352.2,354.35 3 0
github.com/athlonxpgzw/cluster-api-provider-docker/pkg/docker/machine.go:369.2,369.12 1 0
github.com/athlonxpgzw/cluster-api-provider-docker/pkg/docker/machine.go:327.24,329.3 1 0
github.com/athlonxpgzw/cluster-api-provider-docker/pkg/docker/machine.go:332.16,334.3 1 0
github.com/athlonxpgzw/cluster-api-provider-docker/pkg/docker/machine.go:339.31,340.76 1 0
github.com/athlonxpgzw/cluster-api-provider-docker/pkg/docker/machine.go:341.28,342.74 1 0
github.com/athlonxpgzw/cluster-api-provider-docker/pkg/docker/machine.go:343.10,344.62 1 0
github.com/athlonxpgzw/cluster-api-provider-docker/pkg/docker/machine.go:347.16,350.3 2 0
github.com/athlonxpgzw/cluster-api-provider-docker/pkg/docker/machine.go:354.35,358.26 4 0
github.com/athlonxpgzw/cluster-api-provider-docker/pkg/docker/machine.go:361.3,362.17 2 0
github.com/athlonxpgzw/cluster-api-provider-docker/pkg/docker/machine.go:358.26,360.4 1 0
github.com/athlonxpgzw/cluster-api-provider-docker/pkg/docker/machine.go:362.17,366.4 3 0
github.com/athlonxpgzw/cluster-api-provider-docker/pkg/docker/machine.go:373.87,376.24 2 0
github.com/athlonxpgzw/cluster-api-provider-docker/pkg/docker/machine.go:380.2,385.37 6 0
github.com/athlonxpgzw/cluster-api-provider-docker/pkg/docker/machine.go:391.2,391.12 1 0
github.com/athlonxpgzw/cluster-api-provider-docker/pkg/docker/machine.go:376.24,378.3 1 0
github.com/athlonxpgzw/cluster-api-provider-docker/pkg/docker/machine.go:385.37,386.16 1 0
github.com/athlonxpgzw/cluster-api-provider-docker/pkg/docker/machine.go:389.3,389.77 1 0
github.com/athlonxpgzw/cluster-api-provider-docker/pkg/docker/machine.go:386.16,388.4 1 0
github.com/athlonxpgzw/cluster-api-provider-docker/pkg/docker/machine.go:395.81,399.16 3 0
github.com/athlonxpgzw/cluster-api-provider-docker/pkg/docker/machine.go:402.2,402.30 1 0
github.com/athlonxpgzw/cluster-api-provider-docker/pkg/docker/machine.go:406.2,407.99 2 0
github.com/athlonxpgzw/cluster-api-provider-docker/pkg/docker/machine.go:411.2,414.16 3 0
github.com/athlonxpgzw/cluster-api-provider-docker/pkg/docker/machine.go:418.2,420.52 2 0
github.com/athlonxpgzw/cluster-api-provider-docker/pkg/docker/machine.go:424.2,424.12 1 0
github.com/athlonxpgzw/cluster-api-provider-docker/pkg/docker/machine.go:399.16,401.3 1 0
github.com/athlonxpgzw/cluster-api-provider-docker/pkg/docker/machine.go:402.30,404.3 1 0
github.com/athlonxpgzw/cluster-api-provider-docker/pkg/docker/machine.go:407.99,409.3 1 0
github.com/athlonxpgzw/cluster-api-provider-docker/pkg/docker/machine.go:414.16,416.3 1 0
github.com/athlonxpgzw/cluster-api-provider-docker/pkg/docker/machine.go:420.52,422.3 1 0
github.com/athlonxpgzw/cluster-api-provider-docker/pkg/docker/machine.go:427.76,433.16 4 0
github.com/athlonxpgzw/cluster-api-provider-docker/pkg/docker/machine.go:437.2,437.36 1 0
github.com/athlonxpgzw/cluster-api-provider-docker/pkg/docker/machine.go:443.2,443.85 1 0
github.com/athlonxpgzw/cluster-api-provider-docker/pkg/docker/machine.go:433.16,435.3 1 0
github.com/athlonxpgzw/cluster-api-provider-docker/pkg/docker/machine.go:437.36,438.36 1 0
github.com/athlonxpgzw/cluster-api-provider-docker/pkg/docker/machine.go:438.36,440.4 1 0
github.com/athlonxpgzw/cluster-api-provider-docker/pkg/docker/machine.go:447.53,451.24 2 0
github.com/athlonxpgzw/cluster-api-provider-docker/pkg/docker/machine.go:457.2,457.12 1 0
github.com/athlonxpgzw/cluster-api-provider-docker/pkg/docker/machine.go:451.24,453.49 2 0
github.com/athlonxpgzw/cluster-api-provider-docker/pkg/docker/machine.go:453.49,455.4 1 0
github.com/athlonxpgzw/cluster-api-provider-docker/pkg/docker/machine.go:461.56,462.20 1 0
github.com/athlonxpgzw/cluster-api-provider-docker/pkg/docker/machine.go:470.2,471.44 2 0
github.com/athlonxpgzw/cluster-api-provider-docker/pkg/docker/machine.go:475.2,477.62 2 0
github.com/athlonxpgzw/cluster-api-provider-docker/pkg/docker/machine.go:462.20,465.3 2 0
github.com/athlonxpgzw/cluster-api-provider-docker/pkg/docker/machine.go:471.44,473.3 1 0
github.com/athlonxpgzw/cluster-api-provider-docker/pkg/docker/machine.go:480.79,482.16 2 0
github.com/athlonxpgzw/cluster-api-provider-docker/pkg/docker/machine.go:489.2,496.16 6 0
github.com/athlonxpgzw/cluster-api-provider-docker/pkg/docker/machine.go:500.2,500.109 1 0
github.com/athlonxpgzw/cluster-api-provider-docker/pkg/docker/machine.go:482.16,485.3 2 0
github.com/athlonxpgzw/cluster-api-provider-docker/pkg/docker/machine.go:496.16,499.3 2 0
github.com/athlonxpgzw/cluster-api-provider-docker/pkg/docker/machine.go:503.56,504.22 1 0
github.com/athlonxpgzw/cluster-api-provider-docker/pkg/docker/machine.go:508.2,508.31 1 0
github.com/athlonxpgzw/cluster-api-provider-docker/pkg/docker/machine.go:514.2,514.14 1 0
github.com/athlonxpgzw/cluster-api-provider-docker/pkg/docker/machine.go:504.22,506.3 1 0
github.com/athlonxpgzw/cluster-api-provider-docker/pkg/docker/machine.go:508.31,509.57 1 0
github.com/athlonxpgzw/cluster-api-provider-docker/pkg/docker/machine.go:509.57,511.4 1 0
github.com/athlonxpgzw/cluster-api-provider-docker/pkg/docker/util.go:40.66,41.50 1 0
github.com/athlonxpgzw/cluster-api-provider-docker/pkg/docker/util.go:44.2,44.12 1 0
github.com/athlonxpgzw/cluster-api-provider-docker/pkg/docker/util.go:41.50,43.3 1 0
github.com/athlonxpgzw/cluster-api-provider-docker/pkg/docker/util.go:47.59,48.41 1 0
github.com/athlonxpgzw/cluster-api-provider-docker/pkg/docker/util.go:51.2,51.47 1 0
github.com/athlonxpgzw/cluster-api-provider-docker/pkg/docker/util.go:48.41,50.3 1 0
github.com/athlonxpgzw/cluster-api-provider-docker/pkg/docker/util.go:54.69,57.2 2 0
github.com/athlonxpgzw/cluster-api-provider-docker/pkg/docker/util.go:60.98,62.16 2 0
github.com/athlonxpgzw/cluster-api-provider-docker/pkg/docker/util.go:65.2,65.15 1 0
github.com/athlonxpgzw/cluster-api-provider-docker/pkg/docker/util.go:62.16,64.3 1 0
github.com/athlonxpgzw/cluster-api-provider-docker/pkg/docker/util.go:69.94,71.16 2 0
github.com/athlonxpgzw/cluster-api-provider-docker/pkg/docker/util.go:75.2,75.16 1 0
github.com/athlonxpgzw/cluster-api-provider-docker/pkg/docker/util.go:71.16,73.3 1 0
github.com/athlonxpgzw/cluster-api-provider-docker/pkg/docker/util.go:76.9,77.18 1 0
github.com/athlonxpgzw/cluster-api-provider-docker/pkg/docker/util.go:78.9,79.19 1 0
github.com/athlonxpgzw/cluster-api-provider-docker/pkg/docker/util.go:80.10,81.73 1 0
github.com/athlonxpgzw/cluster-api-provider-docker/pkg/docker/util.go:88.88,90.71 2 0
github.com/athlonxpgzw/cluster-api-provider-docker/pkg/docker/util.go:93.2,93.39 1 0
github.com/athlonxpgzw/cluster-api-provider-docker/pkg/docker/util.go:90.71,92.3 1 0
github.com/athlonxpgzw/cluster-api-provider-docker/pkg/docker/util.go:96.121,98.16 2 0
github.com/athlonxpgzw/cluster-api-provider-docker/pkg/docker/util.go:103.2,106.16 3 0
github.com/athlonxpgzw/cluster-api-provider-docker/pkg/docker/util.go:110.2,110.34 1 0
github.com/athlonxpgzw/cluster-api-provider-docker/pkg/docker/util.go:119.2,119.12 1 0
github.com/athlonxpgzw/cluster-api-provider-docker/pkg/docker/util.go:98.16,100.3 1 0
github.com/athlonxpgzw/cluster-api-provider-docker/pkg/docker/util.go:106.16,108.3 1 0
github.com/athlonxpgzw/cluster-api-provider-docker/pkg/docker/util.go:110.34,117.3 5 0
github.com/athlonxpgzw/cluster-api-provider-docker/pkg/docker/errors.go:27.52,29.2 1 0
github.com/athlonxpgzw/cluster-api-provider-docker/controllers/dockercluster_controller.go:69.112,74.77 4 0
github.com/athlonxpgzw/cluster-api-provider-docker/controllers/dockercluster_controller.go:81.2,82.16 2 0
github.com/athlonxpgzw/cluster-api-provider-docker/controllers/dockercluster_controller.go:86.2,86.20 1 0
github.com/athlonxpgzw/cluster-api-provider-docker/controllers/dockercluster_controller.go:91.2,94.50 3 0
github.com/athlonxpgzw/cluster-api-provider-docker/controllers/dockercluster_controller.go:100.2,101.16 2 0
github.com/athlonxpgzw/cluster-api-provider-docker/controllers/dockercluster_controller.go:106.2,107.16 2 0
github.com/athlonxpgzw/cluster-api-provider-docker/controllers/dockercluster_controller.go:112.2,112.15 1 0
github.com/athlonxpgzw/cluster-api-provider-docker/controllers/dockercluster_controller.go:122.2,122.47 1 0
github.com/athlonxpgzw/cluster-api-provider-docker/controllers/dockercluster_controller.go:127.2,127.63 1 0
github.com/athlonxpgzw/cluster-api-provider-docker/controllers/dockercluster_controller.go:74.77,75.32 1 0
github.com/athlonxpgzw/cluster-api-provider-docker/controllers/dockercluster_controller.go:78.3,78.28 1 0
github.com/athlonxpgzw/cluster-api-provider-docker/controllers/dockercluster_controller.go:75.32,77.4 1 0
github.com/athlonxpgzw/cluster-api-provider-docker/controllers/dockercluster_controller.go:82.16,84.3 1 0
github.com/athlonxpgzw/cluster-api-provider-docker/controllers/dockercluster_controller.go:86.20,89.3 2 0
github.com/athlonxpgzw/cluster-api-provider-docker/controllers/dockercluster_controller.go:94.50,97.3 2 0
github.com/athlonxpgzw/cluster-api-provider-docker/controllers/dockercluster_controller.go:101.16,103.3 1 0
github.com/athlonxpgzw/cluster-api-provider-docker/controllers/dockercluster_controller.go:107.16,109.3 1 0
github.com/athlonxpgzw/cluster-api-provider-docker/controllers/dockercluster_controller.go:112.15,113.63 1 0
github.com/athlonxpgzw/cluster-api-provider-docker/controllers/dockercluster_controller.go:113.63,115.19 2 0
github.com/athlonxpgzw/cluster-api-provider-docker/controllers/dockercluster_controller.go:115.19,117.5 1 0
github.com/athlonxpgzw/cluster-api-provider-docker/controllers/dockercluster_controller.go:122.47,124.3 1 0
github.com/athlonxpgzw/cluster-api-provider-docker/controllers/dockercluster_controller.go:130.169,135.52 3 0
github.com/athlonxpgzw/cluster-api-provider-docker/controllers/dockercluster_controller.go:140.2,142.27 2 0
github.com/athlonxpgzw/cluster-api-provider-docker/controllers/dockercluster_controller.go:135.52,137.3 1 0
github.com/athlonxpgzw/cluster-api-provider-docker/controllers/dockercluster_controller.go:145.169,149.80 3 0
github.com/athlonxpgzw/cluster-api-provider-docker/controllers/dockercluster_controller.go:154.2,154.52 1 0
github.com/athlonxpgzw/cluster-api-provider-docker/controllers/dockercluster_controller.go:158.2,159.16 2 0
github.com/athlonxpgzw/cluster-api-provider-docker/controllers/dockercluster_controller.go:163.2,169.27 3 0
github.com/athlonxpgzw/cluster-api-provider-docker/controllers/dockercluster_controller.go:149.80,152.3 2 0
github.com/athlonxpgzw/cluster-api-provider-docker/controllers/dockercluster_controller.go:154.52,156.3 1 0
github.com/athlonxpgzw/cluster-api-provider-docker/controllers/dockercluster_controller.go:159.16,161.3 1 0
github.com/athlonxpgzw/cluster-api-provider-docker/controllers/dockercluster_controller.go:173.97,178.16 2 0
github.com/athlonxpgzw/cluster-api-provider-docker/controllers/dockercluster_controller.go:182.2,186.3 1 0
github.com/athlonxpgzw/cluster-api-provider-docker/controllers/dockercluster_controller.go:178.16,180.3 1 0
github.com/athlonxpgzw/cluster-api-provider-docker/controllers/dockermachine_controller.go:75.114,84.16 6 0
github.com/athlonxpgzw/cluster-api-provider-docker/controllers/dockermachine_controller.go:92.2,93.16 2 0
github.com/athlonxpgzw/cluster-api-provider-docker/controllers/dockermachine_controller.go:97.2,97.20 1 0
github.com/athlonxpgzw/cluster-api-provider-docker/controllers/dockermachine_controller.go:103.2,104.16 2 0
github.com/athlonxpgzw/cluster-api-provider-docker/controllers/dockermachine_controller.go:108.2,108.20 1 0
github.com/athlonxpgzw/cluster-api-provider-docker/controllers/dockermachine_controller.go:113.2,121.75 4 0
github.com/athlonxpgzw/cluster-api-provider-docker/controllers/dockermachine_controller.go:127.2,128.16 2 0
github.com/athlonxpgzw/cluster-api-provider-docker/controllers/dockermachine_controller.go:132.2,132.15 1 0
github.com/athlonxpgzw/cluster-api-provider-docker/controllers/dockermachine_controller.go:140.2,140.50 1 0
github.com/athlonxpgzw/cluster-api-provider-docker/controllers/dockermachine_controller.go:145.2,145.80 1 0
github.com/athlonxpgzw/cluster-api-provider-docker/controllers/dockermachine_controller.go:150.2,151.16 2 0
github.com/athlonxpgzw/cluster-api-provider-docker/controllers/dockermachine_controller.go:155.2,156.16 2 0
github.com/athlonxpgzw/cluster-api-provider-docker/controllers/dockermachine_controller.go:161.2,161.47 1 0
github.com/athlonxpgzw/cluster-api-provider-docker/controllers/dockermachine_controller.go:166.2,166.93 1 0
github.com/athlonxpgzw/cluster-api-provider-docker/controllers/dockermachine_controller.go:84.16,85.32 1 0
github.com/athlonxpgzw/cluster-api-provider-docker/controllers/dockermachine_controller.go:88.3,88.28 1 0
github.com/athlonxpgzw/cluster-api-provider-docker/controllers/dockermachine_controller.go:85.32,87.4 1 0
github.com/athlonxpgzw/cluster-api-provider-docker/controllers/dockermachine_controller.go:93.16,96.3 2 0
github.com/athlonxpgzw/cluster-api-provider-docker/controllers/dockermachine_controller.go:97.20,100.3 2 0
github.com/athlonxpgzw/cluster-api-provider-docker/controllers/dockermachine_controller.go:104.16,107.3 2 0
github.com/athlonxpgzw/cluster-api-provider-docker/controllers/dockermachine_controller.go:108.20,111.3 2 0
github.com/athlonxpgzw/cluster-api-provider-docker/controllers/dockermachine_controller.go:121.75,124.3 2 0
github.com/athlonxpgzw/cluster-api-provider-docker/controllers/dockermachine_controller.go:128.16,130.3 1 0
github.com/athlonxpgzw/cluster-api-provider-docker/controllers/dockermachine_controller.go:132.15,133.76 1 0
github.com/athlonxpgzw/cluster-api-provider-docker/controllers/dockermachine_controller.go:133.76,136.4 2 0
github.com/athlonxpgzw/cluster-api-provider-docker/controllers/dockermachine_controller.go:140.50,143.3 2 0
github.com/athlonxpgzw/cluster-api-provider-docker/controllers/dockermachine_controller.go:145.80,148.3 2 0
github.com/athlonxpgzw/cluster-api-provider-docker/controllers/dockermachine_controller.go:151.16,153.3 1 0
github.com/athlonxpgzw/cluster-api-provider-docker/controllers/dockermachine_controller.go:156.16,158.3 1 0
github.com/athlonxpgzw/cluster-api-provider-docker/controllers/dockermachine_controller.go:161.47,163.3 1 0
github.com/athlonxpgzw/cluster-api-provider-docker/controllers/dockermachine_controller.go:169.262,173.41 2 0
github.com/athlonxpgzw/cluster-api-provider-docker/controllers/dockermachine_controller.go:179.2,179.42 1 0
github.com/athlonxpgzw/cluster-api-provider-docker/controllers/dockermachine_controller.go:185.2,185.50 1 0
github.com/athlonxpgzw/cluster-api-provider-docker/controllers/dockermachine_controller.go:195.2,196.41 2 0
github.com/athlonxpgzw/cluster-api-provider-docker/controllers/dockermachine_controller.go:201.2,201.26 1 0
github.com/athlonxpgzw/cluster-api-provider-docker/controllers/dockermachine_controller.go:209.2,209.89 1 0
github.com/athlonxpgzw/cluster-api-provider-docker/controllers/dockermachine_controller.go:216.2,216.38 1 0
github.com/athlonxpgzw/cluster-api-provider-docker/controllers/dockermachine_controller.go:241.2,241.74 1 0
github.com/athlonxpgzw/cluster-api-provider-docker/controllers/dockermachine_controller.go:246.2,247.16 2 0
github.com/athlonxpgzw/cluster-api-provider-docker/controllers/dockermachine_controller.go:250.2,250.72 1 0
github.com/athlonxpgzw/cluster-api-provider-docker/controllers/dockermachine_controller.go:258.2,263.27 4 0
github.com/athlonxpgzw/cluster-api-provider-docker/controllers/dockermachine_controller.go:173.41,176.3 2 0
github.com/athlonxpgzw/cluster-api-provider-docker/controllers/dockermachine_controller.go:179.42,182.3 2 0
github.com/athlonxpgzw/cluster-api-provider-docker/controllers/dockermachine_controller.go:185.50,186.118 1 0
github.com/athlonxpgzw/cluster-api-provider-docker/controllers/dockermachine_controller.go:190.3,191.28 2 0
github.com/athlonxpgzw/cluster-api-provider-docker/controllers/dockermachine_controller.go:186.118,189.4 2 0
github.com/athlonxpgzw/cluster-api-provider-docker/controllers/dockermachine_controller.go:196.41,198.3 1 0
github.com/athlonxpgzw/cluster-api-provider-docker/controllers/dockermachine_controller.go:201.26,202.168 1 0
github.com/athlonxpgzw/cluster-api-provider-docker/controllers/dockermachine_controller.go:202.168,204.4 1 0
github.com/athlonxpgzw/cluster-api-provider-docker/controllers/dockermachine_controller.go:209.89,210.66 1 0
github.com/athlonxpgzw/cluster-api-provider-docker/controllers/dockermachine_controller.go:213.3,213.53 1 0
github.com/athlonxpgzw/cluster-api-provider-docker/controllers/dockermachine_controller.go:210.66,212.4 1 0
github.com/athlonxpgzw/cluster-api-provider-docker/controllers/dockermachine_controller.go:216.38,219.80 3 0
github.com/athlonxpgzw/cluster-api-provider-docker/controllers/dockermachine_controller.go:238.3,238.41 1 0
github.com/athlonxpgzw/cluster-api-provider-docker/controllers/dockermachine_controller.go:219.80,221.18 2 0
github.com/athlonxpgzw/cluster-api-provider-docker/controllers/dockermachine_controller.go:227.4,227.86 1 0
github.com/athlonxpgzw/cluster-api-provider-docker/controllers/dockermachine_controller.go:233.4,233.80 1 0
github.com/athlonxpgzw/cluster-api-provider-docker/controllers/dockermachine_controller.go:221.18,224.5 2 0
github.com/athlonxpgzw/cluster-api-provider-docker/controllers/dockermachine_controller.go:227.86,230.5 2 0
github.com/athlonxpgzw/cluster-api-provider-docker/controllers/dockermachine_controller.go:233.80,236.5 2 0
github.com/athlonxpgzw/cluster-api-provider-docker/controllers/dockermachine_controller.go:241.74,244.3 2 0
github.com/athlonxpgzw/cluster-api-provider-docker/controllers/dockermachine_controller.go:247.16,249.3 1 0
github.com/athlonxpgzw/cluster-api-provider-docker/controllers/dockermachine_controller.go:250.72,251.57 1 0
github.com/athlonxpgzw/cluster-api-provider-docker/controllers/dockermachine_controller.go:254.3,255.57 2 0
github.com/athlonxpgzw/cluster-api-provider-docker/controllers/dockermachine_controller.go:251.57,253.4 1 0
github.com/athlonxpgzw/cluster-api-provider-docker/controllers/dockermachine_controller.go:266.137,267.50 1 0
github.com/athlonxpgzw/cluster-api-provider-docker/controllers/dockermachine_controller.go:271.2,273.50 3 0
github.com/athlonxpgzw/cluster-api-provider-docker/controllers/dockermachine_controller.go:277.2,278.9 2 0
github.com/athlonxpgzw/cluster-api-provider-docker/controllers/dockermachine_controller.go:282.2,283.22 2 0
github.com/athlonxpgzw/cluster-api-provider-docker/controllers/dockermachine_controller.go:287.2,287.82 1 0
github.com/athlonxpgzw/cluster-api-provider-docker/controllers/dockermachine_controller.go:267.50,269.3 1 0
github.com/athlonxpgzw/cluster-api-provider-docker/controllers/dockermachine_controller.go:273.50,275.3 1 0
github.com/athlonxpgzw/cluster-api-provider-docker/controllers/dockermachine_controller.go:278.9,280.3 1 0
github.com/athlonxpgzw/cluster-api-provider-docker/controllers/dockermachine_controller.go:283.22,285.3 1 0
github.com/athlonxpgzw/cluster-api-provider-docker/controllers/dockermachine_controller.go:291.117,293.16 2 0
github.com/athlonxpgzw/cluster-api-provider-docker/controllers/dockermachine_controller.go:297.2,311.12 2 0
github.com/athlonxpgzw/cluster-api-provider-docker/controllers/dockermachine_controller.go:293.16,295.3 1 0
github.com/athlonxpgzw/cluster-api-provider-docker/controllers/dockermachine_controller.go:314.262,318.16 3 0
github.com/athlonxpgzw/cluster-api-provider-docker/controllers/dockermachine_controller.go:322.2,324.93 2 0
github.com/athlonxpgzw/cluster-api-provider-docker/controllers/dockermachine_controller.go:330.2,330.47 1 0
github.com/athlonxpgzw/cluster-api-provider-docker/controllers/dockermachine_controller.go:335.2,335.41 1 0
github.com/athlonxpgzw/cluster-api-provider-docker/controllers/dockermachine_controller.go:342.2,344.27 2 0
github.com/athlonxpgzw/cluster-api-provider-docker/controllers/dockermachine_controller.go:318.16,320.3 1 0
github.com/athlonxpgzw/cluster-api-provider-docker/controllers/dockermachine_controller.go:324.93,327.3 2 0
github.com/athlonxpgzw/cluster-api-provider-docker/controllers/dockermachine_controller.go:330.47,332.3 1 0
github.com/athlonxpgzw/cluster-api-provider-docker/controllers/dockermachine_controller.go:335.41,336.66 1 0
github.com/athlonxpgzw/cluster-api-provider-docker/controllers/dockermachine_controller.go:336.66,338.4 1 0
github.com/athlonxpgzw/cluster-api-provider-docker/controllers/dockermachine_controller.go:347.117,365.2 2 0
github.com/athlonxpgzw/cluster-api-provider-docker/controllers/dockermachine_controller.go:368.76,381.2 2 0
